{
  "result": {
    "images": [
      {
        "id": "e6ad4af6-2968-43f4-3556-acb4d0fc1900",
        "filename": "pexels-justyna-serafin-13563689.jpg",
        "uploaded": "2023-02-24T13:44:56.995Z",
        "requireSignedURLs": false,
        "variants": [
          "https://imagedelivery.net/w9Lvwo1EAmYzHfbI5TkJ7g/e6ad4af6-2968-43f4-3556-acb4d0fc1900/main"
        ]
      },
      {
        "id": "d61c2e5d-93c5-4190-06c8-29c8df799f00",
        "filename": "download.jpeg",
        "uploaded": "2023-02-20T02:10:50.777Z",
        "requireSignedURLs": false,
        "variants": [
          "https://imagedelivery.net/w9Lvwo1EAmYzHfbI5TkJ7g/d61c2e5d-93c5-4190-06c8-29c8df799f00/main"
        ]
      },
      {
        "id": "19b4af8f-ff41-4e17-3efd-4c8333251200",
        "filename": "fields.jpg",
        "uploaded": "2023-02-19T19:28:27.652Z",
        "requireSignedURLs": false,
        "variants": [
          "https://imagedelivery.net/w9Lvwo1EAmYzHfbI5TkJ7g/19b4af8f-ff41-4e17-3efd-4c8333251200/main"
        ]
      },
      {
        "id": "8c972c1d-1d34-40c2-d692-73c86fc67100",
        "filename": "war-5958131.jpg",
        "uploaded": "2023-02-19T19:18:51.947Z",
        "requireSignedURLs": false,
        "variants": [
          "https://imagedelivery.net/w9Lvwo1EAmYzHfbI5TkJ7g/8c972c1d-1d34-40c2-d692-73c86fc67100/main"
        ]
      },
      {
        "id": "5115a0a8-785a-4264-ec53-a9d66e5ad400",
        "filename": "peter-orsel-JELRUsDAu-A-unsplash.jpg",
        "uploaded": "2023-02-19T11:38:15.689Z",
        "requireSignedURLs": false,
        "variants": [
          "https://imagedelivery.net/w9Lvwo1EAmYzHfbI5TkJ7g/5115a0a8-785a-4264-ec53-a9d66e5ad400/main"
        ]
      },
      {
        "id": "f96c4da0-89b9-4d14-933b-53da1021e000",
        "filename": "test.webp",
        "uploaded": "2023-02-19T07:26:01.910Z",
        "requireSignedURLs": false,
        "variants": [
          "https://imagedelivery.net/w9Lvwo1EAmYzHfbI5TkJ7g/f96c4da0-89b9-4d14-933b-53da1021e000/main"
        ]
      },
      {
        "id": "2f7e8cdf-3f48-4e71-9c8d-f53b15897200",
        "filename": "test.webp",
        "uploaded": "2023-02-18T23:52:33.981Z",
        "requireSignedURLs": false,
        "variants": [
          "https://imagedelivery.net/w9Lvwo1EAmYzHfbI5TkJ7g/2f7e8cdf-3f48-4e71-9c8d-f53b15897200/main"
        ]
      },
      {
        "id": "FAIR.0014",
        "filename": "FAIR.0014.webp",
        "meta": {
          "key": "value"
        },
        "uploaded": "2022-12-28T06:58:38.877Z",
        "requireSignedURLs": false,
        "variants": [
          "https://imagedelivery.net/w9Lvwo1EAmYzHfbI5TkJ7g/FAIR.0014/main"
        ]
      },
      {
        "id": "FAIR.0013",
        "filename": "FAIR.0013.webp",
        "meta": {
          "key": "value"
        },
        "uploaded": "2022-12-28T06:58:32.418Z",
        "requireSignedURLs": false,
        "variants": [
          "https://imagedelivery.net/w9Lvwo1EAmYzHfbI5TkJ7g/FAIR.0013/main"
        ]
      },
      {
        "id": "FAIR.0012",
        "filename": "FAIR.0012.webp",
        "meta": {
          "key": "value"
        },
        "uploaded": "2022-12-28T06:58:26.480Z",
        "requireSignedURLs": false,
        "variants": [
          "https://imagedelivery.net/w9Lvwo1EAmYzHfbI5TkJ7g/FAIR.0012/main"
        ]
      },
      {
        "id": "FAIR.0011",
        "filename": "FAIR.0011.webp",
        "meta": {
          "key": "value"
        },
        "uploaded": "2022-12-28T06:58:20.359Z",
        "requireSignedURLs": false,
        "variants": [
          "https://imagedelivery.net/w9Lvwo1EAmYzHfbI5TkJ7g/FAIR.0011/main"
        ]
      },
      {
        "id": "FAIR.0010",
        "filename": "FAIR.0010.webp",
        "meta": {
          "key": "value"
        },
        "uploaded": "2022-12-28T06:58:13.964Z",
        "requireSignedURLs": false,
        "variants": [
          "https://imagedelivery.net/w9Lvwo1EAmYzHfbI5TkJ7g/FAIR.0010/main"
        ]
      },
      {
        "id": "FAIR.0009",
        "filename": "FAIR.0009.webp",
        "meta": {
          "key": "value"
        },
        "uploaded": "2022-12-28T06:58:07.822Z",
        "requireSignedURLs": false,
        "variants": [
          "https://imagedelivery.net/w9Lvwo1EAmYzHfbI5TkJ7g/FAIR.0009/main"
        ]
      },
      {
        "id": "FAIR.0008",
        "filename": "FAIR.0008.webp",
        "meta": {
          "key": "value"
        },
        "uploaded": "2022-12-28T06:58:01.800Z",
        "requireSignedURLs": false,
        "variants": [
          "https://imagedelivery.net/w9Lvwo1EAmYzHfbI5TkJ7g/FAIR.0008/main"
        ]
      },
      {
        "id": "FAIR.0007",
        "filename": "FAIR.0007.webp",
        "meta": {
          "key": "value"
        },
        "uploaded": "2022-12-28T06:57:55.132Z",
        "requireSignedURLs": false,
        "variants": [
          "https://imagedelivery.net/w9Lvwo1EAmYzHfbI5TkJ7g/FAIR.0007/main"
        ]
      },
      {
        "id": "FAIR.0006",
        "filename": "FAIR.0006.webp",
        "meta": {
          "key": "value"
        },
        "uploaded": "2022-12-28T06:57:49.109Z",
        "requireSignedURLs": false,
        "variants": [
          "https://imagedelivery.net/w9Lvwo1EAmYzHfbI5TkJ7g/FAIR.0006/main"
        ]
      },
      {
        "id": "FAIR.0005",
        "filename": "FAIR.0005.webp",
        "meta": {
          "key": "value"
        },
        "uploaded": "2022-12-28T06:57:42.807Z",
        "requireSignedURLs": false,
        "variants": [
          "https://imagedelivery.net/w9Lvwo1EAmYzHfbI5TkJ7g/FAIR.0005/main"
        ]
      },
      {
        "id": "FAIR.0004",
        "filename": "FAIR.0004.webp",
        "meta": {
          "key": "value"
        },
        "uploaded": "2022-12-28T06:57:36.583Z",
        "requireSignedURLs": false,
        "variants": [
          "https://imagedelivery.net/w9Lvwo1EAmYzHfbI5TkJ7g/FAIR.0004/main"
        ]
      },
      {
        "id": "FAIR.0003",
        "filename": "FAIR.0003.webp",
        "meta": {
          "key": "value"
        },
        "uploaded": "2022-12-28T06:57:30.660Z",
        "requireSignedURLs": false,
        "variants": [
          "https://imagedelivery.net/w9Lvwo1EAmYzHfbI5TkJ7g/FAIR.0003/main"
        ]
      },
      {
        "id": "FAIR.0002",
        "filename": "FAIR.0002.webp",
        "meta": {
          "key": "value"
        },
        "uploaded": "2022-12-28T06:57:24.197Z",
        "requireSignedURLs": false,
        "variants": [
          "https://imagedelivery.net/w9Lvwo1EAmYzHfbI5TkJ7g/FAIR.0002/main"
        ]
      },
      {
        "id": "FAIR.0001",
        "filename": "FAIR.0001.webp",
        "meta": {
          "key": "value"
        },
        "uploaded": "2022-12-28T06:57:17.568Z",
        "requireSignedURLs": false,
        "variants": [
          "https://imagedelivery.net/w9Lvwo1EAmYzHfbI5TkJ7g/FAIR.0001/main"
        ]
      },
      {
        "id": "FAIR.0000",
        "filename": "FAIR.0000.webp",
        "meta": {
          "key": "value"
        },
        "uploaded": "2022-12-28T06:57:11.232Z",
        "requireSignedURLs": false,
        "variants": [
          "https://imagedelivery.net/w9Lvwo1EAmYzHfbI5TkJ7g/FAIR.0000/main"
        ]
      },
      {
        "id": "AREN.0049",
        "filename": "AREN.0049.avif",
        "meta": {
          "key": "value"
        },
        "uploaded": "2022-12-28T02:11:24.641Z",
        "requireSignedURLs": false,
        "variants": [
          "https://imagedelivery.net/w9Lvwo1EAmYzHfbI5TkJ7g/AREN.0049/main"
        ]
      },
      {
        "id": "AREN.0048",
        "filename": "AREN.0048.avif",
        "meta": {
          "key": "value"
        },
        "uploaded": "2022-12-28T02:11:18.530Z",
        "requireSignedURLs": false,
        "variants": [
          "https://imagedelivery.net/w9Lvwo1EAmYzHfbI5TkJ7g/AREN.0048/main"
        ]
      },
      {
        "id": "AREN.0047",
        "filename": "AREN.0047.avif",
        "meta": {
          "key": "value"
        },
        "uploaded": "2022-12-28T02:11:12.138Z",
        "requireSignedURLs": false,
        "variants": [
          "https://imagedelivery.net/w9Lvwo1EAmYzHfbI5TkJ7g/AREN.0047/main"
        ]
      },
      {
        "id": "AREN.0046",
        "filename": "AREN.0046.avif",
        "meta": {
          "key": "value"
        },
        "uploaded": "2022-12-28T02:11:06.291Z",
        "requireSignedURLs": false,
        "variants": [
          "https://imagedelivery.net/w9Lvwo1EAmYzHfbI5TkJ7g/AREN.0046/main"
        ]
      },
      {
        "id": "AREN.0045",
        "filename": "AREN.0045.avif",
        "meta": {
          "key": "value"
        },
        "uploaded": "2022-12-28T02:11:00.211Z",
        "requireSignedURLs": false,
        "variants": [
          "https://imagedelivery.net/w9Lvwo1EAmYzHfbI5TkJ7g/AREN.0045/main"
        ]
      },
      {
        "id": "AREN.0044",
        "filename": "AREN.0044.avif",
        "meta": {
          "key": "value"
        },
        "uploaded": "2022-12-28T02:10:54.141Z",
        "requireSignedURLs": false,
        "variants": [
          "https://imagedelivery.net/w9Lvwo1EAmYzHfbI5TkJ7g/AREN.0044/main"
        ]
      },
      {
        "id": "AREN.0043",
        "filename": "AREN.0043.avif",
        "meta": {
          "key": "value"
        },
        "uploaded": "2022-12-28T02:10:48.115Z",
        "requireSignedURLs": false,
        "variants": [
          "https://imagedelivery.net/w9Lvwo1EAmYzHfbI5TkJ7g/AREN.0043/main"
        ]
      },
      {
        "id": "AREN.0042",
        "filename": "AREN.0042.avif",
        "meta": {
          "key": "value"
        },
        "uploaded": "2022-12-28T02:10:41.943Z",
        "requireSignedURLs": false,
        "variants": [
          "https://imagedelivery.net/w9Lvwo1EAmYzHfbI5TkJ7g/AREN.0042/main"
        ]
      },
      {
        "id": "AREN.0041",
        "filename": "AREN.0041.avif",
        "meta": {
          "key": "value"
        },
        "uploaded": "2022-12-28T02:10:36.016Z",
        "requireSignedURLs": false,
        "variants": [
          "https://imagedelivery.net/w9Lvwo1EAmYzHfbI5TkJ7g/AREN.0041/main"
        ]
      },
      {
        "id": "AREN.0040",
        "filename": "AREN.0040.avif",
        "meta": {
          "key": "value"
        },
        "uploaded": "2022-12-28T02:10:30.156Z",
        "requireSignedURLs": false,
        "variants": [
          "https://imagedelivery.net/w9Lvwo1EAmYzHfbI5TkJ7g/AREN.0040/main"
        ]
      },
      {
        "id": "AREN.0039",
        "filename": "AREN.0039.avif",
        "meta": {
          "key": "value"
        },
        "uploaded": "2022-12-28T02:10:24.455Z",
        "requireSignedURLs": false,
        "variants": [
          "https://imagedelivery.net/w9Lvwo1EAmYzHfbI5TkJ7g/AREN.0039/main"
        ]
      },
      {
        "id": "AREN.0038",
        "filename": "AREN.0038.avif",
        "meta": {
          "key": "value"
        },
        "uploaded": "2022-12-28T02:10:18.349Z",
        "requireSignedURLs": false,
        "variants": [
          "https://imagedelivery.net/w9Lvwo1EAmYzHfbI5TkJ7g/AREN.0038/main"
        ]
      },
      {
        "id": "AREN.0037",
        "filename": "AREN.0037.avif",
        "meta": {
          "key": "value"
        },
        "uploaded": "2022-12-28T02:10:12.223Z",
        "requireSignedURLs": false,
        "variants": [
          "https://imagedelivery.net/w9Lvwo1EAmYzHfbI5TkJ7g/AREN.0037/main"
        ]
      },
      {
        "id": "AREN.0036",
        "filename": "AREN.0036.avif",
        "meta": {
          "key": "value"
        },
        "uploaded": "2022-12-28T02:10:06.101Z",
        "requireSignedURLs": false,
        "variants": [
          "https://imagedelivery.net/w9Lvwo1EAmYzHfbI5TkJ7g/AREN.0036/main"
        ]
      },
      {
        "id": "AREN.0035",
        "filename": "AREN.0035.avif",
        "meta": {
          "key": "value"
        },
        "uploaded": "2022-12-28T02:10:00.267Z",
        "requireSignedURLs": false,
        "variants": [
          "https://imagedelivery.net/w9Lvwo1EAmYzHfbI5TkJ7g/AREN.0035/main"
        ]
      },
      {
        "id": "AREN.0034",
        "filename": "AREN.0034.avif",
        "meta": {
          "key": "value"
        },
        "uploaded": "2022-12-28T02:09:54.144Z",
        "requireSignedURLs": false,
        "variants": [
          "https://imagedelivery.net/w9Lvwo1EAmYzHfbI5TkJ7g/AREN.0034/main"
        ]
      },
      {
        "id": "AREN.0033",
        "filename": "AREN.0033.avif",
        "meta": {
          "key": "value"
        },
        "uploaded": "2022-12-28T02:09:48.286Z",
        "requireSignedURLs": false,
        "variants": [
          "https://imagedelivery.net/w9Lvwo1EAmYzHfbI5TkJ7g/AREN.0033/main"
        ]
      },
      {
        "id": "AREN.0032",
        "filename": "AREN.0032.avif",
        "meta": {
          "key": "value"
        },
        "uploaded": "2022-12-28T02:09:42.188Z",
        "requireSignedURLs": false,
        "variants": [
          "https://imagedelivery.net/w9Lvwo1EAmYzHfbI5TkJ7g/AREN.0032/main"
        ]
      },
      {
        "id": "AREN.0031",
        "filename": "AREN.0031.avif",
        "meta": {
          "key": "value"
        },
        "uploaded": "2022-12-28T02:09:36.432Z",
        "requireSignedURLs": false,
        "variants": [
          "https://imagedelivery.net/w9Lvwo1EAmYzHfbI5TkJ7g/AREN.0031/main"
        ]
      },
      {
        "id": "AREN.0030",
        "filename": "AREN.0030.avif",
        "meta": {
          "key": "value"
        },
        "uploaded": "2022-12-28T02:09:30.259Z",
        "requireSignedURLs": false,
        "variants": [
          "https://imagedelivery.net/w9Lvwo1EAmYzHfbI5TkJ7g/AREN.0030/main"
        ]
      },
      {
        "id": "AREN.0029",
        "filename": "AREN.0029.avif",
        "meta": {
          "key": "value"
        },
        "uploaded": "2022-12-28T02:09:23.855Z",
        "requireSignedURLs": false,
        "variants": [
          "https://imagedelivery.net/w9Lvwo1EAmYzHfbI5TkJ7g/AREN.0029/main"
        ]
      },
      {
        "id": "AREN.0028",
        "filename": "AREN.0028.avif",
        "meta": {
          "key": "value"
        },
        "uploaded": "2022-12-28T02:09:17.624Z",
        "requireSignedURLs": false,
        "variants": [
          "https://imagedelivery.net/w9Lvwo1EAmYzHfbI5TkJ7g/AREN.0028/main"
        ]
      },
      {
        "id": "AREN.0027",
        "filename": "AREN.0027.avif",
        "meta": {
          "key": "value"
        },
        "uploaded": "2022-12-28T02:09:11.732Z",
        "requireSignedURLs": false,
        "variants": [
          "https://imagedelivery.net/w9Lvwo1EAmYzHfbI5TkJ7g/AREN.0027/main"
        ]
      },
      {
        "id": "AREN.0026",
        "filename": "AREN.0026.avif",
        "meta": {
          "key": "value"
        },
        "uploaded": "2022-12-28T02:09:06.036Z",
        "requireSignedURLs": false,
        "variants": [
          "https://imagedelivery.net/w9Lvwo1EAmYzHfbI5TkJ7g/AREN.0026/main"
        ]
      },
      {
        "id": "AREN.0025",
        "filename": "AREN.0025.avif",
        "meta": {
          "key": "value"
        },
        "uploaded": "2022-12-28T02:08:59.480Z",
        "requireSignedURLs": false,
        "variants": [
          "https://imagedelivery.net/w9Lvwo1EAmYzHfbI5TkJ7g/AREN.0025/main"
        ]
      },
      {
        "id": "AREN.0024",
        "filename": "AREN.0024.avif",
        "meta": {
          "key": "value"
        },
        "uploaded": "2022-12-28T02:08:53.728Z",
        "requireSignedURLs": false,
        "variants": [
          "https://imagedelivery.net/w9Lvwo1EAmYzHfbI5TkJ7g/AREN.0024/main"
        ]
      },
      {
        "id": "AREN.0023",
        "filename": "AREN.0023.avif",
        "meta": {
          "key": "value"
        },
        "uploaded": "2022-12-28T02:08:47.276Z",
        "requireSignedURLs": false,
        "variants": [
          "https://imagedelivery.net/w9Lvwo1EAmYzHfbI5TkJ7g/AREN.0023/main"
        ]
      },
      {
        "id": "AREN.0022",
        "filename": "AREN.0022.avif",
        "meta": {
          "key": "value"
        },
        "uploaded": "2022-12-28T02:08:41.130Z",
        "requireSignedURLs": false,
        "variants": [
          "https://imagedelivery.net/w9Lvwo1EAmYzHfbI5TkJ7g/AREN.0022/main"
        ]
      }
    ]
  },
  "success": true,
  "errors": [],
  "messages": []
}