{
  "result": {
    "images": [
      {
        "id": "c4b81c2c-9dcd-40bd-cbfb-1f49e18ecc00",
        "filename": "img-LiHksjn4lK5FW6tT1hjTKUQu.png",
        "meta": {
          "model": "dalle",
          "extent": "1024x1024",
          "prompt": "Frog kiss",
          "gallery": "lfpgg687v5trvih2imm"
        },
        "uploaded": "2023-03-26T13:47:59.032Z",
        "requireSignedURLs": false,
        "variants": [
          "https://imagedelivery.net/w9Lvwo1EAmYzHfbI5TkJ7g/c4b81c2c-9dcd-40bd-cbfb-1f49e18ecc00/largethumb",
          "https://imagedelivery.net/w9Lvwo1EAmYzHfbI5TkJ7g/c4b81c2c-9dcd-40bd-cbfb-1f49e18ecc00/porthumb",
          "https://imagedelivery.net/w9Lvwo1EAmYzHfbI5TkJ7g/c4b81c2c-9dcd-40bd-cbfb-1f49e18ecc00/tinythumb",
          "https://imagedelivery.net/w9Lvwo1EAmYzHfbI5TkJ7g/c4b81c2c-9dcd-40bd-cbfb-1f49e18ecc00/wide",
          "https://imagedelivery.net/w9Lvwo1EAmYzHfbI5TkJ7g/c4b81c2c-9dcd-40bd-cbfb-1f49e18ecc00/portrait",
          "https://imagedelivery.net/w9Lvwo1EAmYzHfbI5TkJ7g/c4b81c2c-9dcd-40bd-cbfb-1f49e18ecc00/landscape",
          "https://imagedelivery.net/w9Lvwo1EAmYzHfbI5TkJ7g/c4b81c2c-9dcd-40bd-cbfb-1f49e18ecc00/widethumbnail",
          "https://imagedelivery.net/w9Lvwo1EAmYzHfbI5TkJ7g/c4b81c2c-9dcd-40bd-cbfb-1f49e18ecc00/thumb",
          "https://imagedelivery.net/w9Lvwo1EAmYzHfbI5TkJ7g/c4b81c2c-9dcd-40bd-cbfb-1f49e18ecc00/medium",
          "https://imagedelivery.net/w9Lvwo1EAmYzHfbI5TkJ7g/c4b81c2c-9dcd-40bd-cbfb-1f49e18ecc00/widethumb",
          "https://imagedelivery.net/w9Lvwo1EAmYzHfbI5TkJ7g/c4b81c2c-9dcd-40bd-cbfb-1f49e18ecc00/large",
          "https://imagedelivery.net/w9Lvwo1EAmYzHfbI5TkJ7g/c4b81c2c-9dcd-40bd-cbfb-1f49e18ecc00/landthumb"
        ]
      },
      {
        "id": "1d43d252-3149-462b-c7e4-09eb9a0cc000",
        "filename": "img-UQL3odBN8gdFTdRDHzxXQtfB.png",
        "meta": {
          "model": "dalle",
          "extent": "1024x1024",
          "prompt": "Frog kiss",
          "gallery": "lfpgg687v5trvih2imm"
        },
        "uploaded": "2023-03-26T13:47:57.614Z",
        "requireSignedURLs": false,
        "variants": [
          "https://imagedelivery.net/w9Lvwo1EAmYzHfbI5TkJ7g/1d43d252-3149-462b-c7e4-09eb9a0cc000/largethumb",
          "https://imagedelivery.net/w9Lvwo1EAmYzHfbI5TkJ7g/1d43d252-3149-462b-c7e4-09eb9a0cc000/porthumb",
          "https://imagedelivery.net/w9Lvwo1EAmYzHfbI5TkJ7g/1d43d252-3149-462b-c7e4-09eb9a0cc000/tinythumb",
          "https://imagedelivery.net/w9Lvwo1EAmYzHfbI5TkJ7g/1d43d252-3149-462b-c7e4-09eb9a0cc000/wide",
          "https://imagedelivery.net/w9Lvwo1EAmYzHfbI5TkJ7g/1d43d252-3149-462b-c7e4-09eb9a0cc000/portrait",
          "https://imagedelivery.net/w9Lvwo1EAmYzHfbI5TkJ7g/1d43d252-3149-462b-c7e4-09eb9a0cc000/landscape",
          "https://imagedelivery.net/w9Lvwo1EAmYzHfbI5TkJ7g/1d43d252-3149-462b-c7e4-09eb9a0cc000/widethumbnail",
          "https://imagedelivery.net/w9Lvwo1EAmYzHfbI5TkJ7g/1d43d252-3149-462b-c7e4-09eb9a0cc000/thumb",
          "https://imagedelivery.net/w9Lvwo1EAmYzHfbI5TkJ7g/1d43d252-3149-462b-c7e4-09eb9a0cc000/medium",
          "https://imagedelivery.net/w9Lvwo1EAmYzHfbI5TkJ7g/1d43d252-3149-462b-c7e4-09eb9a0cc000/widethumb",
          "https://imagedelivery.net/w9Lvwo1EAmYzHfbI5TkJ7g/1d43d252-3149-462b-c7e4-09eb9a0cc000/large",
          "https://imagedelivery.net/w9Lvwo1EAmYzHfbI5TkJ7g/1d43d252-3149-462b-c7e4-09eb9a0cc000/landthumb"
        ]
      },
      {
        "id": "c2f2fc38-1869-41df-87b6-927f143a8f00",
        "filename": "img-4cDWHcVrUbxN0lqQ2blUXe7V.png",
        "meta": {
          "model": "dalle",
          "extent": "1024x1024",
          "prompt": "Frog kiss",
          "gallery": "lfpgg687v5trvih2imm"
        },
        "uploaded": "2023-03-26T13:47:56.231Z",
        "requireSignedURLs": false,
        "variants": [
          "https://imagedelivery.net/w9Lvwo1EAmYzHfbI5TkJ7g/c2f2fc38-1869-41df-87b6-927f143a8f00/largethumb",
          "https://imagedelivery.net/w9Lvwo1EAmYzHfbI5TkJ7g/c2f2fc38-1869-41df-87b6-927f143a8f00/porthumb",
          "https://imagedelivery.net/w9Lvwo1EAmYzHfbI5TkJ7g/c2f2fc38-1869-41df-87b6-927f143a8f00/tinythumb",
          "https://imagedelivery.net/w9Lvwo1EAmYzHfbI5TkJ7g/c2f2fc38-1869-41df-87b6-927f143a8f00/wide",
          "https://imagedelivery.net/w9Lvwo1EAmYzHfbI5TkJ7g/c2f2fc38-1869-41df-87b6-927f143a8f00/portrait",
          "https://imagedelivery.net/w9Lvwo1EAmYzHfbI5TkJ7g/c2f2fc38-1869-41df-87b6-927f143a8f00/landscape",
          "https://imagedelivery.net/w9Lvwo1EAmYzHfbI5TkJ7g/c2f2fc38-1869-41df-87b6-927f143a8f00/widethumbnail",
          "https://imagedelivery.net/w9Lvwo1EAmYzHfbI5TkJ7g/c2f2fc38-1869-41df-87b6-927f143a8f00/thumb",
          "https://imagedelivery.net/w9Lvwo1EAmYzHfbI5TkJ7g/c2f2fc38-1869-41df-87b6-927f143a8f00/medium",
          "https://imagedelivery.net/w9Lvwo1EAmYzHfbI5TkJ7g/c2f2fc38-1869-41df-87b6-927f143a8f00/widethumb",
          "https://imagedelivery.net/w9Lvwo1EAmYzHfbI5TkJ7g/c2f2fc38-1869-41df-87b6-927f143a8f00/large",
          "https://imagedelivery.net/w9Lvwo1EAmYzHfbI5TkJ7g/c2f2fc38-1869-41df-87b6-927f143a8f00/landthumb"
        ]
      },
      {
        "id": "d6188792-4e52-4617-816c-82204c4c7a00",
        "filename": "img-GbvBGc2ljxfx5TlhoE3gLoca.png",
        "meta": {
          "model": "dalle",
          "extent": "1024x1024",
          "prompt": "Frog kiss",
          "gallery": "lfpgg687v5trvih2imm"
        },
        "uploaded": "2023-03-26T13:47:54.709Z",
        "requireSignedURLs": false,
        "variants": [
          "https://imagedelivery.net/w9Lvwo1EAmYzHfbI5TkJ7g/d6188792-4e52-4617-816c-82204c4c7a00/largethumb",
          "https://imagedelivery.net/w9Lvwo1EAmYzHfbI5TkJ7g/d6188792-4e52-4617-816c-82204c4c7a00/porthumb",
          "https://imagedelivery.net/w9Lvwo1EAmYzHfbI5TkJ7g/d6188792-4e52-4617-816c-82204c4c7a00/tinythumb",
          "https://imagedelivery.net/w9Lvwo1EAmYzHfbI5TkJ7g/d6188792-4e52-4617-816c-82204c4c7a00/wide",
          "https://imagedelivery.net/w9Lvwo1EAmYzHfbI5TkJ7g/d6188792-4e52-4617-816c-82204c4c7a00/portrait",
          "https://imagedelivery.net/w9Lvwo1EAmYzHfbI5TkJ7g/d6188792-4e52-4617-816c-82204c4c7a00/landscape",
          "https://imagedelivery.net/w9Lvwo1EAmYzHfbI5TkJ7g/d6188792-4e52-4617-816c-82204c4c7a00/widethumbnail",
          "https://imagedelivery.net/w9Lvwo1EAmYzHfbI5TkJ7g/d6188792-4e52-4617-816c-82204c4c7a00/thumb",
          "https://imagedelivery.net/w9Lvwo1EAmYzHfbI5TkJ7g/d6188792-4e52-4617-816c-82204c4c7a00/medium",
          "https://imagedelivery.net/w9Lvwo1EAmYzHfbI5TkJ7g/d6188792-4e52-4617-816c-82204c4c7a00/widethumb",
          "https://imagedelivery.net/w9Lvwo1EAmYzHfbI5TkJ7g/d6188792-4e52-4617-816c-82204c4c7a00/large",
          "https://imagedelivery.net/w9Lvwo1EAmYzHfbI5TkJ7g/d6188792-4e52-4617-816c-82204c4c7a00/landthumb"
        ]
      },
      {
        "id": "128f07d2-5902-4628-c6fb-6d97c4617e00",
        "filename": "img-R5RI6rZgc5eRKF4aPlBNPiyn.png",
        "meta": {
          "model": "dalle",
          "extent": "1024x1024",
          "prompt": "Frog kiss",
          "gallery": "lfpgg687v5trvih2imm"
        },
        "uploaded": "2023-03-26T13:47:53.308Z",
        "requireSignedURLs": false,
        "variants": [
          "https://imagedelivery.net/w9Lvwo1EAmYzHfbI5TkJ7g/128f07d2-5902-4628-c6fb-6d97c4617e00/largethumb",
          "https://imagedelivery.net/w9Lvwo1EAmYzHfbI5TkJ7g/128f07d2-5902-4628-c6fb-6d97c4617e00/porthumb",
          "https://imagedelivery.net/w9Lvwo1EAmYzHfbI5TkJ7g/128f07d2-5902-4628-c6fb-6d97c4617e00/tinythumb",
          "https://imagedelivery.net/w9Lvwo1EAmYzHfbI5TkJ7g/128f07d2-5902-4628-c6fb-6d97c4617e00/wide",
          "https://imagedelivery.net/w9Lvwo1EAmYzHfbI5TkJ7g/128f07d2-5902-4628-c6fb-6d97c4617e00/portrait",
          "https://imagedelivery.net/w9Lvwo1EAmYzHfbI5TkJ7g/128f07d2-5902-4628-c6fb-6d97c4617e00/landscape",
          "https://imagedelivery.net/w9Lvwo1EAmYzHfbI5TkJ7g/128f07d2-5902-4628-c6fb-6d97c4617e00/widethumbnail",
          "https://imagedelivery.net/w9Lvwo1EAmYzHfbI5TkJ7g/128f07d2-5902-4628-c6fb-6d97c4617e00/thumb",
          "https://imagedelivery.net/w9Lvwo1EAmYzHfbI5TkJ7g/128f07d2-5902-4628-c6fb-6d97c4617e00/medium",
          "https://imagedelivery.net/w9Lvwo1EAmYzHfbI5TkJ7g/128f07d2-5902-4628-c6fb-6d97c4617e00/widethumb",
          "https://imagedelivery.net/w9Lvwo1EAmYzHfbI5TkJ7g/128f07d2-5902-4628-c6fb-6d97c4617e00/large",
          "https://imagedelivery.net/w9Lvwo1EAmYzHfbI5TkJ7g/128f07d2-5902-4628-c6fb-6d97c4617e00/landthumb"
        ]
      },
      {
        "id": "4fc5e01a-5558-4abf-18ea-5cdfede93b00",
        "filename": "img-TQO3L87pvIABLcDO0qH3Zxof.png",
        "meta": {
          "model": "dalle",
          "extent": "1024x1024",
          "prompt": "Frog kiss",
          "gallery": "lfpgg687v5trvih2imm"
        },
        "uploaded": "2023-03-26T13:47:51.430Z",
        "requireSignedURLs": false,
        "variants": [
          "https://imagedelivery.net/w9Lvwo1EAmYzHfbI5TkJ7g/4fc5e01a-5558-4abf-18ea-5cdfede93b00/largethumb",
          "https://imagedelivery.net/w9Lvwo1EAmYzHfbI5TkJ7g/4fc5e01a-5558-4abf-18ea-5cdfede93b00/porthumb",
          "https://imagedelivery.net/w9Lvwo1EAmYzHfbI5TkJ7g/4fc5e01a-5558-4abf-18ea-5cdfede93b00/tinythumb",
          "https://imagedelivery.net/w9Lvwo1EAmYzHfbI5TkJ7g/4fc5e01a-5558-4abf-18ea-5cdfede93b00/wide",
          "https://imagedelivery.net/w9Lvwo1EAmYzHfbI5TkJ7g/4fc5e01a-5558-4abf-18ea-5cdfede93b00/portrait",
          "https://imagedelivery.net/w9Lvwo1EAmYzHfbI5TkJ7g/4fc5e01a-5558-4abf-18ea-5cdfede93b00/landscape",
          "https://imagedelivery.net/w9Lvwo1EAmYzHfbI5TkJ7g/4fc5e01a-5558-4abf-18ea-5cdfede93b00/widethumbnail",
          "https://imagedelivery.net/w9Lvwo1EAmYzHfbI5TkJ7g/4fc5e01a-5558-4abf-18ea-5cdfede93b00/thumb",
          "https://imagedelivery.net/w9Lvwo1EAmYzHfbI5TkJ7g/4fc5e01a-5558-4abf-18ea-5cdfede93b00/medium",
          "https://imagedelivery.net/w9Lvwo1EAmYzHfbI5TkJ7g/4fc5e01a-5558-4abf-18ea-5cdfede93b00/widethumb",
          "https://imagedelivery.net/w9Lvwo1EAmYzHfbI5TkJ7g/4fc5e01a-5558-4abf-18ea-5cdfede93b00/large",
          "https://imagedelivery.net/w9Lvwo1EAmYzHfbI5TkJ7g/4fc5e01a-5558-4abf-18ea-5cdfede93b00/landthumb"
        ]
      },
      {
        "id": "cb7b6470-3a0a-4241-32fa-2dc603d0d400",
        "filename": "img-MNiyQBo6rJ7YXAEOd4IvqLwO.png",
        "meta": {
          "model": "dalle",
          "extent": "1024x1024",
          "prompt": "Frog kiss",
          "gallery": "lfpgg687v5trvih2imm"
        },
        "uploaded": "2023-03-26T13:47:49.724Z",
        "requireSignedURLs": false,
        "variants": [
          "https://imagedelivery.net/w9Lvwo1EAmYzHfbI5TkJ7g/cb7b6470-3a0a-4241-32fa-2dc603d0d400/largethumb",
          "https://imagedelivery.net/w9Lvwo1EAmYzHfbI5TkJ7g/cb7b6470-3a0a-4241-32fa-2dc603d0d400/porthumb",
          "https://imagedelivery.net/w9Lvwo1EAmYzHfbI5TkJ7g/cb7b6470-3a0a-4241-32fa-2dc603d0d400/tinythumb",
          "https://imagedelivery.net/w9Lvwo1EAmYzHfbI5TkJ7g/cb7b6470-3a0a-4241-32fa-2dc603d0d400/wide",
          "https://imagedelivery.net/w9Lvwo1EAmYzHfbI5TkJ7g/cb7b6470-3a0a-4241-32fa-2dc603d0d400/portrait",
          "https://imagedelivery.net/w9Lvwo1EAmYzHfbI5TkJ7g/cb7b6470-3a0a-4241-32fa-2dc603d0d400/landscape",
          "https://imagedelivery.net/w9Lvwo1EAmYzHfbI5TkJ7g/cb7b6470-3a0a-4241-32fa-2dc603d0d400/widethumbnail",
          "https://imagedelivery.net/w9Lvwo1EAmYzHfbI5TkJ7g/cb7b6470-3a0a-4241-32fa-2dc603d0d400/thumb",
          "https://imagedelivery.net/w9Lvwo1EAmYzHfbI5TkJ7g/cb7b6470-3a0a-4241-32fa-2dc603d0d400/medium",
          "https://imagedelivery.net/w9Lvwo1EAmYzHfbI5TkJ7g/cb7b6470-3a0a-4241-32fa-2dc603d0d400/widethumb",
          "https://imagedelivery.net/w9Lvwo1EAmYzHfbI5TkJ7g/cb7b6470-3a0a-4241-32fa-2dc603d0d400/large",
          "https://imagedelivery.net/w9Lvwo1EAmYzHfbI5TkJ7g/cb7b6470-3a0a-4241-32fa-2dc603d0d400/landthumb"
        ]
      },
      {
        "id": "d6a4c4c5-1588-43f6-3162-a54ad7c75b00",
        "filename": "img-xXQJXmwdnVSaat1poAKWDzjB.png",
        "meta": {
          "model": "dalle",
          "extent": "1024x1024",
          "prompt": "Frog kiss",
          "gallery": "lfpgg687v5trvih2imm"
        },
        "uploaded": "2023-03-26T13:47:48.074Z",
        "requireSignedURLs": false,
        "variants": [
          "https://imagedelivery.net/w9Lvwo1EAmYzHfbI5TkJ7g/d6a4c4c5-1588-43f6-3162-a54ad7c75b00/largethumb",
          "https://imagedelivery.net/w9Lvwo1EAmYzHfbI5TkJ7g/d6a4c4c5-1588-43f6-3162-a54ad7c75b00/porthumb",
          "https://imagedelivery.net/w9Lvwo1EAmYzHfbI5TkJ7g/d6a4c4c5-1588-43f6-3162-a54ad7c75b00/tinythumb",
          "https://imagedelivery.net/w9Lvwo1EAmYzHfbI5TkJ7g/d6a4c4c5-1588-43f6-3162-a54ad7c75b00/wide",
          "https://imagedelivery.net/w9Lvwo1EAmYzHfbI5TkJ7g/d6a4c4c5-1588-43f6-3162-a54ad7c75b00/portrait",
          "https://imagedelivery.net/w9Lvwo1EAmYzHfbI5TkJ7g/d6a4c4c5-1588-43f6-3162-a54ad7c75b00/landscape",
          "https://imagedelivery.net/w9Lvwo1EAmYzHfbI5TkJ7g/d6a4c4c5-1588-43f6-3162-a54ad7c75b00/widethumbnail",
          "https://imagedelivery.net/w9Lvwo1EAmYzHfbI5TkJ7g/d6a4c4c5-1588-43f6-3162-a54ad7c75b00/thumb",
          "https://imagedelivery.net/w9Lvwo1EAmYzHfbI5TkJ7g/d6a4c4c5-1588-43f6-3162-a54ad7c75b00/medium",
          "https://imagedelivery.net/w9Lvwo1EAmYzHfbI5TkJ7g/d6a4c4c5-1588-43f6-3162-a54ad7c75b00/widethumb",
          "https://imagedelivery.net/w9Lvwo1EAmYzHfbI5TkJ7g/d6a4c4c5-1588-43f6-3162-a54ad7c75b00/large",
          "https://imagedelivery.net/w9Lvwo1EAmYzHfbI5TkJ7g/d6a4c4c5-1588-43f6-3162-a54ad7c75b00/landthumb"
        ]
      },
      {
        "id": "eab04a72-af47-4477-a382-5140a4258d00",
        "filename": "img-gkn1dAxTPGAxe3e1XilNfj6S.png",
        "meta": {
          "model": "dalle",
          "extent": "1024x1024",
          "prompt": "Frog kiss",
          "gallery": "lfpgg687v5trvih2imm"
        },
        "uploaded": "2023-03-26T13:47:46.875Z",
        "requireSignedURLs": false,
        "variants": [
          "https://imagedelivery.net/w9Lvwo1EAmYzHfbI5TkJ7g/eab04a72-af47-4477-a382-5140a4258d00/largethumb",
          "https://imagedelivery.net/w9Lvwo1EAmYzHfbI5TkJ7g/eab04a72-af47-4477-a382-5140a4258d00/porthumb",
          "https://imagedelivery.net/w9Lvwo1EAmYzHfbI5TkJ7g/eab04a72-af47-4477-a382-5140a4258d00/tinythumb",
          "https://imagedelivery.net/w9Lvwo1EAmYzHfbI5TkJ7g/eab04a72-af47-4477-a382-5140a4258d00/wide",
          "https://imagedelivery.net/w9Lvwo1EAmYzHfbI5TkJ7g/eab04a72-af47-4477-a382-5140a4258d00/portrait",
          "https://imagedelivery.net/w9Lvwo1EAmYzHfbI5TkJ7g/eab04a72-af47-4477-a382-5140a4258d00/landscape",
          "https://imagedelivery.net/w9Lvwo1EAmYzHfbI5TkJ7g/eab04a72-af47-4477-a382-5140a4258d00/widethumbnail",
          "https://imagedelivery.net/w9Lvwo1EAmYzHfbI5TkJ7g/eab04a72-af47-4477-a382-5140a4258d00/thumb",
          "https://imagedelivery.net/w9Lvwo1EAmYzHfbI5TkJ7g/eab04a72-af47-4477-a382-5140a4258d00/medium",
          "https://imagedelivery.net/w9Lvwo1EAmYzHfbI5TkJ7g/eab04a72-af47-4477-a382-5140a4258d00/widethumb",
          "https://imagedelivery.net/w9Lvwo1EAmYzHfbI5TkJ7g/eab04a72-af47-4477-a382-5140a4258d00/large",
          "https://imagedelivery.net/w9Lvwo1EAmYzHfbI5TkJ7g/eab04a72-af47-4477-a382-5140a4258d00/landthumb"
        ]
      },
      {
        "id": "9e3a8c84-5a86-4332-d6e5-ae1921b8f000",
        "filename": "img-7DRc5URRGb6RJS4zgBof9emj.png",
        "meta": {
          "model": "dalle",
          "extent": "1024x1024",
          "prompt": "Frog kiss",
          "gallery": "lfpgg687v5trvih2imm"
        },
        "uploaded": "2023-03-26T13:47:44.683Z",
        "requireSignedURLs": false,
        "variants": [
          "https://imagedelivery.net/w9Lvwo1EAmYzHfbI5TkJ7g/9e3a8c84-5a86-4332-d6e5-ae1921b8f000/largethumb",
          "https://imagedelivery.net/w9Lvwo1EAmYzHfbI5TkJ7g/9e3a8c84-5a86-4332-d6e5-ae1921b8f000/porthumb",
          "https://imagedelivery.net/w9Lvwo1EAmYzHfbI5TkJ7g/9e3a8c84-5a86-4332-d6e5-ae1921b8f000/tinythumb",
          "https://imagedelivery.net/w9Lvwo1EAmYzHfbI5TkJ7g/9e3a8c84-5a86-4332-d6e5-ae1921b8f000/wide",
          "https://imagedelivery.net/w9Lvwo1EAmYzHfbI5TkJ7g/9e3a8c84-5a86-4332-d6e5-ae1921b8f000/portrait",
          "https://imagedelivery.net/w9Lvwo1EAmYzHfbI5TkJ7g/9e3a8c84-5a86-4332-d6e5-ae1921b8f000/landscape",
          "https://imagedelivery.net/w9Lvwo1EAmYzHfbI5TkJ7g/9e3a8c84-5a86-4332-d6e5-ae1921b8f000/widethumbnail",
          "https://imagedelivery.net/w9Lvwo1EAmYzHfbI5TkJ7g/9e3a8c84-5a86-4332-d6e5-ae1921b8f000/thumb",
          "https://imagedelivery.net/w9Lvwo1EAmYzHfbI5TkJ7g/9e3a8c84-5a86-4332-d6e5-ae1921b8f000/medium",
          "https://imagedelivery.net/w9Lvwo1EAmYzHfbI5TkJ7g/9e3a8c84-5a86-4332-d6e5-ae1921b8f000/widethumb",
          "https://imagedelivery.net/w9Lvwo1EAmYzHfbI5TkJ7g/9e3a8c84-5a86-4332-d6e5-ae1921b8f000/large",
          "https://imagedelivery.net/w9Lvwo1EAmYzHfbI5TkJ7g/9e3a8c84-5a86-4332-d6e5-ae1921b8f000/landthumb"
        ]
      },
      {
        "id": "7c0eb8bc-32c2-47f5-cdfb-183e45aa7d00",
        "filename": "img-eTLUhgkNlLNOmhGL28E3W7VD.png",
        "meta": {
          "model": "dalle",
          "extent": "1024x1024",
          "prompt": "Flowers of different kinds in a translucent vase with an abstract background ",
          "gallery": "lfpgc71w8wacpaeh5cc"
        },
        "uploaded": "2023-03-26T13:44:53.199Z",
        "requireSignedURLs": false,
        "variants": [
          "https://imagedelivery.net/w9Lvwo1EAmYzHfbI5TkJ7g/7c0eb8bc-32c2-47f5-cdfb-183e45aa7d00/largethumb",
          "https://imagedelivery.net/w9Lvwo1EAmYzHfbI5TkJ7g/7c0eb8bc-32c2-47f5-cdfb-183e45aa7d00/porthumb",
          "https://imagedelivery.net/w9Lvwo1EAmYzHfbI5TkJ7g/7c0eb8bc-32c2-47f5-cdfb-183e45aa7d00/tinythumb",
          "https://imagedelivery.net/w9Lvwo1EAmYzHfbI5TkJ7g/7c0eb8bc-32c2-47f5-cdfb-183e45aa7d00/wide",
          "https://imagedelivery.net/w9Lvwo1EAmYzHfbI5TkJ7g/7c0eb8bc-32c2-47f5-cdfb-183e45aa7d00/portrait",
          "https://imagedelivery.net/w9Lvwo1EAmYzHfbI5TkJ7g/7c0eb8bc-32c2-47f5-cdfb-183e45aa7d00/landscape",
          "https://imagedelivery.net/w9Lvwo1EAmYzHfbI5TkJ7g/7c0eb8bc-32c2-47f5-cdfb-183e45aa7d00/widethumbnail",
          "https://imagedelivery.net/w9Lvwo1EAmYzHfbI5TkJ7g/7c0eb8bc-32c2-47f5-cdfb-183e45aa7d00/thumb",
          "https://imagedelivery.net/w9Lvwo1EAmYzHfbI5TkJ7g/7c0eb8bc-32c2-47f5-cdfb-183e45aa7d00/medium",
          "https://imagedelivery.net/w9Lvwo1EAmYzHfbI5TkJ7g/7c0eb8bc-32c2-47f5-cdfb-183e45aa7d00/widethumb",
          "https://imagedelivery.net/w9Lvwo1EAmYzHfbI5TkJ7g/7c0eb8bc-32c2-47f5-cdfb-183e45aa7d00/large",
          "https://imagedelivery.net/w9Lvwo1EAmYzHfbI5TkJ7g/7c0eb8bc-32c2-47f5-cdfb-183e45aa7d00/landthumb"
        ]
      },
      {
        "id": "377e5568-003b-4329-ba14-a1f26ef49100",
        "filename": "img-RwnuhShwZ1g7cYFUc5mt59Gc.png",
        "meta": {
          "model": "dalle",
          "extent": "1024x1024",
          "prompt": "Flowers of different kinds in a translucent vase with an abstract background ",
          "gallery": "lfpgc71w8wacpaeh5cc"
        },
        "uploaded": "2023-03-26T13:44:51.665Z",
        "requireSignedURLs": false,
        "variants": [
          "https://imagedelivery.net/w9Lvwo1EAmYzHfbI5TkJ7g/377e5568-003b-4329-ba14-a1f26ef49100/largethumb",
          "https://imagedelivery.net/w9Lvwo1EAmYzHfbI5TkJ7g/377e5568-003b-4329-ba14-a1f26ef49100/porthumb",
          "https://imagedelivery.net/w9Lvwo1EAmYzHfbI5TkJ7g/377e5568-003b-4329-ba14-a1f26ef49100/tinythumb",
          "https://imagedelivery.net/w9Lvwo1EAmYzHfbI5TkJ7g/377e5568-003b-4329-ba14-a1f26ef49100/wide",
          "https://imagedelivery.net/w9Lvwo1EAmYzHfbI5TkJ7g/377e5568-003b-4329-ba14-a1f26ef49100/portrait",
          "https://imagedelivery.net/w9Lvwo1EAmYzHfbI5TkJ7g/377e5568-003b-4329-ba14-a1f26ef49100/landscape",
          "https://imagedelivery.net/w9Lvwo1EAmYzHfbI5TkJ7g/377e5568-003b-4329-ba14-a1f26ef49100/widethumbnail",
          "https://imagedelivery.net/w9Lvwo1EAmYzHfbI5TkJ7g/377e5568-003b-4329-ba14-a1f26ef49100/thumb",
          "https://imagedelivery.net/w9Lvwo1EAmYzHfbI5TkJ7g/377e5568-003b-4329-ba14-a1f26ef49100/medium",
          "https://imagedelivery.net/w9Lvwo1EAmYzHfbI5TkJ7g/377e5568-003b-4329-ba14-a1f26ef49100/widethumb",
          "https://imagedelivery.net/w9Lvwo1EAmYzHfbI5TkJ7g/377e5568-003b-4329-ba14-a1f26ef49100/large",
          "https://imagedelivery.net/w9Lvwo1EAmYzHfbI5TkJ7g/377e5568-003b-4329-ba14-a1f26ef49100/landthumb"
        ]
      },
      {
        "id": "90f2f8ed-177d-4dca-5823-6e208c2e0500",
        "filename": "img-IpZ7SHae1ZgX9dh95muDpGL1.png",
        "meta": {
          "model": "dalle",
          "extent": "1024x1024",
          "prompt": "Flowers of different kinds in a translucent vase with an abstract background ",
          "gallery": "lfpgc71w8wacpaeh5cc"
        },
        "uploaded": "2023-03-26T13:44:49.948Z",
        "requireSignedURLs": false,
        "variants": [
          "https://imagedelivery.net/w9Lvwo1EAmYzHfbI5TkJ7g/90f2f8ed-177d-4dca-5823-6e208c2e0500/largethumb",
          "https://imagedelivery.net/w9Lvwo1EAmYzHfbI5TkJ7g/90f2f8ed-177d-4dca-5823-6e208c2e0500/porthumb",
          "https://imagedelivery.net/w9Lvwo1EAmYzHfbI5TkJ7g/90f2f8ed-177d-4dca-5823-6e208c2e0500/tinythumb",
          "https://imagedelivery.net/w9Lvwo1EAmYzHfbI5TkJ7g/90f2f8ed-177d-4dca-5823-6e208c2e0500/wide",
          "https://imagedelivery.net/w9Lvwo1EAmYzHfbI5TkJ7g/90f2f8ed-177d-4dca-5823-6e208c2e0500/portrait",
          "https://imagedelivery.net/w9Lvwo1EAmYzHfbI5TkJ7g/90f2f8ed-177d-4dca-5823-6e208c2e0500/landscape",
          "https://imagedelivery.net/w9Lvwo1EAmYzHfbI5TkJ7g/90f2f8ed-177d-4dca-5823-6e208c2e0500/widethumbnail",
          "https://imagedelivery.net/w9Lvwo1EAmYzHfbI5TkJ7g/90f2f8ed-177d-4dca-5823-6e208c2e0500/thumb",
          "https://imagedelivery.net/w9Lvwo1EAmYzHfbI5TkJ7g/90f2f8ed-177d-4dca-5823-6e208c2e0500/medium",
          "https://imagedelivery.net/w9Lvwo1EAmYzHfbI5TkJ7g/90f2f8ed-177d-4dca-5823-6e208c2e0500/widethumb",
          "https://imagedelivery.net/w9Lvwo1EAmYzHfbI5TkJ7g/90f2f8ed-177d-4dca-5823-6e208c2e0500/large",
          "https://imagedelivery.net/w9Lvwo1EAmYzHfbI5TkJ7g/90f2f8ed-177d-4dca-5823-6e208c2e0500/landthumb"
        ]
      },
      {
        "id": "fb351fb9-a28f-4542-c7b4-227d17388c00",
        "filename": "img-2FV6kejqsal50pz16SZPk2Lo.png",
        "meta": {
          "model": "dalle",
          "extent": "1024x1024",
          "prompt": "Flowers of different kinds in a translucent vase with an abstract background ",
          "gallery": "lfpgc71w8wacpaeh5cc"
        },
        "uploaded": "2023-03-26T13:44:48.388Z",
        "requireSignedURLs": false,
        "variants": [
          "https://imagedelivery.net/w9Lvwo1EAmYzHfbI5TkJ7g/fb351fb9-a28f-4542-c7b4-227d17388c00/largethumb",
          "https://imagedelivery.net/w9Lvwo1EAmYzHfbI5TkJ7g/fb351fb9-a28f-4542-c7b4-227d17388c00/porthumb",
          "https://imagedelivery.net/w9Lvwo1EAmYzHfbI5TkJ7g/fb351fb9-a28f-4542-c7b4-227d17388c00/tinythumb",
          "https://imagedelivery.net/w9Lvwo1EAmYzHfbI5TkJ7g/fb351fb9-a28f-4542-c7b4-227d17388c00/wide",
          "https://imagedelivery.net/w9Lvwo1EAmYzHfbI5TkJ7g/fb351fb9-a28f-4542-c7b4-227d17388c00/portrait",
          "https://imagedelivery.net/w9Lvwo1EAmYzHfbI5TkJ7g/fb351fb9-a28f-4542-c7b4-227d17388c00/landscape",
          "https://imagedelivery.net/w9Lvwo1EAmYzHfbI5TkJ7g/fb351fb9-a28f-4542-c7b4-227d17388c00/widethumbnail",
          "https://imagedelivery.net/w9Lvwo1EAmYzHfbI5TkJ7g/fb351fb9-a28f-4542-c7b4-227d17388c00/thumb",
          "https://imagedelivery.net/w9Lvwo1EAmYzHfbI5TkJ7g/fb351fb9-a28f-4542-c7b4-227d17388c00/medium",
          "https://imagedelivery.net/w9Lvwo1EAmYzHfbI5TkJ7g/fb351fb9-a28f-4542-c7b4-227d17388c00/widethumb",
          "https://imagedelivery.net/w9Lvwo1EAmYzHfbI5TkJ7g/fb351fb9-a28f-4542-c7b4-227d17388c00/large",
          "https://imagedelivery.net/w9Lvwo1EAmYzHfbI5TkJ7g/fb351fb9-a28f-4542-c7b4-227d17388c00/landthumb"
        ]
      },
      {
        "id": "1362ca96-9dd1-43e1-8ee5-723d71c7a800",
        "filename": "img-Ly8pp9yIN4IHateROOSW6269.png",
        "meta": {
          "model": "dalle",
          "extent": "1024x1024",
          "prompt": "Flowers of different kinds in a translucent vase with an abstract background ",
          "gallery": "lfpgc71w8wacpaeh5cc"
        },
        "uploaded": "2023-03-26T13:44:46.903Z",
        "requireSignedURLs": false,
        "variants": [
          "https://imagedelivery.net/w9Lvwo1EAmYzHfbI5TkJ7g/1362ca96-9dd1-43e1-8ee5-723d71c7a800/largethumb",
          "https://imagedelivery.net/w9Lvwo1EAmYzHfbI5TkJ7g/1362ca96-9dd1-43e1-8ee5-723d71c7a800/porthumb",
          "https://imagedelivery.net/w9Lvwo1EAmYzHfbI5TkJ7g/1362ca96-9dd1-43e1-8ee5-723d71c7a800/tinythumb",
          "https://imagedelivery.net/w9Lvwo1EAmYzHfbI5TkJ7g/1362ca96-9dd1-43e1-8ee5-723d71c7a800/wide",
          "https://imagedelivery.net/w9Lvwo1EAmYzHfbI5TkJ7g/1362ca96-9dd1-43e1-8ee5-723d71c7a800/portrait",
          "https://imagedelivery.net/w9Lvwo1EAmYzHfbI5TkJ7g/1362ca96-9dd1-43e1-8ee5-723d71c7a800/landscape",
          "https://imagedelivery.net/w9Lvwo1EAmYzHfbI5TkJ7g/1362ca96-9dd1-43e1-8ee5-723d71c7a800/widethumbnail",
          "https://imagedelivery.net/w9Lvwo1EAmYzHfbI5TkJ7g/1362ca96-9dd1-43e1-8ee5-723d71c7a800/thumb",
          "https://imagedelivery.net/w9Lvwo1EAmYzHfbI5TkJ7g/1362ca96-9dd1-43e1-8ee5-723d71c7a800/medium",
          "https://imagedelivery.net/w9Lvwo1EAmYzHfbI5TkJ7g/1362ca96-9dd1-43e1-8ee5-723d71c7a800/widethumb",
          "https://imagedelivery.net/w9Lvwo1EAmYzHfbI5TkJ7g/1362ca96-9dd1-43e1-8ee5-723d71c7a800/large",
          "https://imagedelivery.net/w9Lvwo1EAmYzHfbI5TkJ7g/1362ca96-9dd1-43e1-8ee5-723d71c7a800/landthumb"
        ]
      },
      {
        "id": "90c68f47-4ece-4451-24de-fb4655a16400",
        "filename": "img-yhPczN8XvIWx1KYmCwRkFhUx.png",
        "meta": {
          "model": "dalle",
          "extent": "1024x1024",
          "prompt": "Flowers of different kinds in a translucent vase with an abstract background ",
          "gallery": "lfpgc71w8wacpaeh5cc"
        },
        "uploaded": "2023-03-26T13:44:45.157Z",
        "requireSignedURLs": false,
        "variants": [
          "https://imagedelivery.net/w9Lvwo1EAmYzHfbI5TkJ7g/90c68f47-4ece-4451-24de-fb4655a16400/largethumb",
          "https://imagedelivery.net/w9Lvwo1EAmYzHfbI5TkJ7g/90c68f47-4ece-4451-24de-fb4655a16400/porthumb",
          "https://imagedelivery.net/w9Lvwo1EAmYzHfbI5TkJ7g/90c68f47-4ece-4451-24de-fb4655a16400/tinythumb",
          "https://imagedelivery.net/w9Lvwo1EAmYzHfbI5TkJ7g/90c68f47-4ece-4451-24de-fb4655a16400/wide",
          "https://imagedelivery.net/w9Lvwo1EAmYzHfbI5TkJ7g/90c68f47-4ece-4451-24de-fb4655a16400/portrait",
          "https://imagedelivery.net/w9Lvwo1EAmYzHfbI5TkJ7g/90c68f47-4ece-4451-24de-fb4655a16400/landscape",
          "https://imagedelivery.net/w9Lvwo1EAmYzHfbI5TkJ7g/90c68f47-4ece-4451-24de-fb4655a16400/widethumbnail",
          "https://imagedelivery.net/w9Lvwo1EAmYzHfbI5TkJ7g/90c68f47-4ece-4451-24de-fb4655a16400/thumb",
          "https://imagedelivery.net/w9Lvwo1EAmYzHfbI5TkJ7g/90c68f47-4ece-4451-24de-fb4655a16400/medium",
          "https://imagedelivery.net/w9Lvwo1EAmYzHfbI5TkJ7g/90c68f47-4ece-4451-24de-fb4655a16400/widethumb",
          "https://imagedelivery.net/w9Lvwo1EAmYzHfbI5TkJ7g/90c68f47-4ece-4451-24de-fb4655a16400/large",
          "https://imagedelivery.net/w9Lvwo1EAmYzHfbI5TkJ7g/90c68f47-4ece-4451-24de-fb4655a16400/landthumb"
        ]
      },
      {
        "id": "a6c4dad2-341d-481a-5b7d-70197cca4d00",
        "filename": "img-GiNWM3U9MQ6ehJsFMsPPYXKt.png",
        "meta": {
          "model": "dalle",
          "extent": "1024x1024",
          "prompt": "Flowers of different kinds in a translucent vase with an abstract background ",
          "gallery": "lfpgc71w8wacpaeh5cc"
        },
        "uploaded": "2023-03-26T13:44:43.404Z",
        "requireSignedURLs": false,
        "variants": [
          "https://imagedelivery.net/w9Lvwo1EAmYzHfbI5TkJ7g/a6c4dad2-341d-481a-5b7d-70197cca4d00/largethumb",
          "https://imagedelivery.net/w9Lvwo1EAmYzHfbI5TkJ7g/a6c4dad2-341d-481a-5b7d-70197cca4d00/porthumb",
          "https://imagedelivery.net/w9Lvwo1EAmYzHfbI5TkJ7g/a6c4dad2-341d-481a-5b7d-70197cca4d00/tinythumb",
          "https://imagedelivery.net/w9Lvwo1EAmYzHfbI5TkJ7g/a6c4dad2-341d-481a-5b7d-70197cca4d00/wide",
          "https://imagedelivery.net/w9Lvwo1EAmYzHfbI5TkJ7g/a6c4dad2-341d-481a-5b7d-70197cca4d00/portrait",
          "https://imagedelivery.net/w9Lvwo1EAmYzHfbI5TkJ7g/a6c4dad2-341d-481a-5b7d-70197cca4d00/landscape",
          "https://imagedelivery.net/w9Lvwo1EAmYzHfbI5TkJ7g/a6c4dad2-341d-481a-5b7d-70197cca4d00/widethumbnail",
          "https://imagedelivery.net/w9Lvwo1EAmYzHfbI5TkJ7g/a6c4dad2-341d-481a-5b7d-70197cca4d00/thumb",
          "https://imagedelivery.net/w9Lvwo1EAmYzHfbI5TkJ7g/a6c4dad2-341d-481a-5b7d-70197cca4d00/medium",
          "https://imagedelivery.net/w9Lvwo1EAmYzHfbI5TkJ7g/a6c4dad2-341d-481a-5b7d-70197cca4d00/widethumb",
          "https://imagedelivery.net/w9Lvwo1EAmYzHfbI5TkJ7g/a6c4dad2-341d-481a-5b7d-70197cca4d00/large",
          "https://imagedelivery.net/w9Lvwo1EAmYzHfbI5TkJ7g/a6c4dad2-341d-481a-5b7d-70197cca4d00/landthumb"
        ]
      },
      {
        "id": "795a88d6-1c93-4b1e-f5e2-1f95b81a2800",
        "filename": "img-3P8t4rGUGQwyDtDJz3mjpctO.png",
        "meta": {
          "model": "dalle",
          "extent": "1024x1024",
          "prompt": "Flowers of different kinds in a translucent vase with an abstract background ",
          "gallery": "lfpgc71w8wacpaeh5cc"
        },
        "uploaded": "2023-03-26T13:44:41.960Z",
        "requireSignedURLs": false,
        "variants": [
          "https://imagedelivery.net/w9Lvwo1EAmYzHfbI5TkJ7g/795a88d6-1c93-4b1e-f5e2-1f95b81a2800/largethumb",
          "https://imagedelivery.net/w9Lvwo1EAmYzHfbI5TkJ7g/795a88d6-1c93-4b1e-f5e2-1f95b81a2800/porthumb",
          "https://imagedelivery.net/w9Lvwo1EAmYzHfbI5TkJ7g/795a88d6-1c93-4b1e-f5e2-1f95b81a2800/tinythumb",
          "https://imagedelivery.net/w9Lvwo1EAmYzHfbI5TkJ7g/795a88d6-1c93-4b1e-f5e2-1f95b81a2800/wide",
          "https://imagedelivery.net/w9Lvwo1EAmYzHfbI5TkJ7g/795a88d6-1c93-4b1e-f5e2-1f95b81a2800/portrait",
          "https://imagedelivery.net/w9Lvwo1EAmYzHfbI5TkJ7g/795a88d6-1c93-4b1e-f5e2-1f95b81a2800/landscape",
          "https://imagedelivery.net/w9Lvwo1EAmYzHfbI5TkJ7g/795a88d6-1c93-4b1e-f5e2-1f95b81a2800/widethumbnail",
          "https://imagedelivery.net/w9Lvwo1EAmYzHfbI5TkJ7g/795a88d6-1c93-4b1e-f5e2-1f95b81a2800/thumb",
          "https://imagedelivery.net/w9Lvwo1EAmYzHfbI5TkJ7g/795a88d6-1c93-4b1e-f5e2-1f95b81a2800/medium",
          "https://imagedelivery.net/w9Lvwo1EAmYzHfbI5TkJ7g/795a88d6-1c93-4b1e-f5e2-1f95b81a2800/widethumb",
          "https://imagedelivery.net/w9Lvwo1EAmYzHfbI5TkJ7g/795a88d6-1c93-4b1e-f5e2-1f95b81a2800/large",
          "https://imagedelivery.net/w9Lvwo1EAmYzHfbI5TkJ7g/795a88d6-1c93-4b1e-f5e2-1f95b81a2800/landthumb"
        ]
      },
      {
        "id": "90d247ba-c605-47bd-4f7d-40f6b4f1db00",
        "filename": "img-5RagnlDyM963IBVGtJTWNmNE.png",
        "meta": {
          "model": "dalle",
          "extent": "1024x1024",
          "prompt": "Flowers of different kinds in a translucent vase with an abstract background ",
          "gallery": "lfpgc71w8wacpaeh5cc"
        },
        "uploaded": "2023-03-26T13:44:40.306Z",
        "requireSignedURLs": false,
        "variants": [
          "https://imagedelivery.net/w9Lvwo1EAmYzHfbI5TkJ7g/90d247ba-c605-47bd-4f7d-40f6b4f1db00/largethumb",
          "https://imagedelivery.net/w9Lvwo1EAmYzHfbI5TkJ7g/90d247ba-c605-47bd-4f7d-40f6b4f1db00/porthumb",
          "https://imagedelivery.net/w9Lvwo1EAmYzHfbI5TkJ7g/90d247ba-c605-47bd-4f7d-40f6b4f1db00/tinythumb",
          "https://imagedelivery.net/w9Lvwo1EAmYzHfbI5TkJ7g/90d247ba-c605-47bd-4f7d-40f6b4f1db00/wide",
          "https://imagedelivery.net/w9Lvwo1EAmYzHfbI5TkJ7g/90d247ba-c605-47bd-4f7d-40f6b4f1db00/portrait",
          "https://imagedelivery.net/w9Lvwo1EAmYzHfbI5TkJ7g/90d247ba-c605-47bd-4f7d-40f6b4f1db00/landscape",
          "https://imagedelivery.net/w9Lvwo1EAmYzHfbI5TkJ7g/90d247ba-c605-47bd-4f7d-40f6b4f1db00/widethumbnail",
          "https://imagedelivery.net/w9Lvwo1EAmYzHfbI5TkJ7g/90d247ba-c605-47bd-4f7d-40f6b4f1db00/thumb",
          "https://imagedelivery.net/w9Lvwo1EAmYzHfbI5TkJ7g/90d247ba-c605-47bd-4f7d-40f6b4f1db00/medium",
          "https://imagedelivery.net/w9Lvwo1EAmYzHfbI5TkJ7g/90d247ba-c605-47bd-4f7d-40f6b4f1db00/widethumb",
          "https://imagedelivery.net/w9Lvwo1EAmYzHfbI5TkJ7g/90d247ba-c605-47bd-4f7d-40f6b4f1db00/large",
          "https://imagedelivery.net/w9Lvwo1EAmYzHfbI5TkJ7g/90d247ba-c605-47bd-4f7d-40f6b4f1db00/landthumb"
        ]
      },
      {
        "id": "9fafca52-7cb4-40ba-d4b1-386c97f7e800",
        "filename": "img-COGQMbzW6PZWPmKiNbds6U7P.png",
        "meta": {
          "model": "dalle",
          "extent": "1024x1024",
          "prompt": "Flowers of different kinds in a translucent vase with an abstract background ",
          "gallery": "lfpgc71w8wacpaeh5cc"
        },
        "uploaded": "2023-03-26T13:44:39.114Z",
        "requireSignedURLs": false,
        "variants": [
          "https://imagedelivery.net/w9Lvwo1EAmYzHfbI5TkJ7g/9fafca52-7cb4-40ba-d4b1-386c97f7e800/largethumb",
          "https://imagedelivery.net/w9Lvwo1EAmYzHfbI5TkJ7g/9fafca52-7cb4-40ba-d4b1-386c97f7e800/porthumb",
          "https://imagedelivery.net/w9Lvwo1EAmYzHfbI5TkJ7g/9fafca52-7cb4-40ba-d4b1-386c97f7e800/tinythumb",
          "https://imagedelivery.net/w9Lvwo1EAmYzHfbI5TkJ7g/9fafca52-7cb4-40ba-d4b1-386c97f7e800/wide",
          "https://imagedelivery.net/w9Lvwo1EAmYzHfbI5TkJ7g/9fafca52-7cb4-40ba-d4b1-386c97f7e800/portrait",
          "https://imagedelivery.net/w9Lvwo1EAmYzHfbI5TkJ7g/9fafca52-7cb4-40ba-d4b1-386c97f7e800/landscape",
          "https://imagedelivery.net/w9Lvwo1EAmYzHfbI5TkJ7g/9fafca52-7cb4-40ba-d4b1-386c97f7e800/widethumbnail",
          "https://imagedelivery.net/w9Lvwo1EAmYzHfbI5TkJ7g/9fafca52-7cb4-40ba-d4b1-386c97f7e800/thumb",
          "https://imagedelivery.net/w9Lvwo1EAmYzHfbI5TkJ7g/9fafca52-7cb4-40ba-d4b1-386c97f7e800/medium",
          "https://imagedelivery.net/w9Lvwo1EAmYzHfbI5TkJ7g/9fafca52-7cb4-40ba-d4b1-386c97f7e800/widethumb",
          "https://imagedelivery.net/w9Lvwo1EAmYzHfbI5TkJ7g/9fafca52-7cb4-40ba-d4b1-386c97f7e800/large",
          "https://imagedelivery.net/w9Lvwo1EAmYzHfbI5TkJ7g/9fafca52-7cb4-40ba-d4b1-386c97f7e800/landthumb"
        ]
      },
      {
        "id": "9f1cd3a7-6ab8-41c7-fea8-a8afd8012500",
        "filename": "img-bR8Coia3Pvwmd8Y84ENEvhAh.png",
        "meta": {
          "model": "dalle",
          "extent": "1024x1024",
          "prompt": "1950 Chevy.",
          "gallery": "lfoylt6v20bil9jay44"
        },
        "uploaded": "2023-03-26T05:28:29.039Z",
        "requireSignedURLs": false,
        "variants": [
          "https://imagedelivery.net/w9Lvwo1EAmYzHfbI5TkJ7g/9f1cd3a7-6ab8-41c7-fea8-a8afd8012500/largethumb",
          "https://imagedelivery.net/w9Lvwo1EAmYzHfbI5TkJ7g/9f1cd3a7-6ab8-41c7-fea8-a8afd8012500/porthumb",
          "https://imagedelivery.net/w9Lvwo1EAmYzHfbI5TkJ7g/9f1cd3a7-6ab8-41c7-fea8-a8afd8012500/tinythumb",
          "https://imagedelivery.net/w9Lvwo1EAmYzHfbI5TkJ7g/9f1cd3a7-6ab8-41c7-fea8-a8afd8012500/wide",
          "https://imagedelivery.net/w9Lvwo1EAmYzHfbI5TkJ7g/9f1cd3a7-6ab8-41c7-fea8-a8afd8012500/portrait",
          "https://imagedelivery.net/w9Lvwo1EAmYzHfbI5TkJ7g/9f1cd3a7-6ab8-41c7-fea8-a8afd8012500/landscape",
          "https://imagedelivery.net/w9Lvwo1EAmYzHfbI5TkJ7g/9f1cd3a7-6ab8-41c7-fea8-a8afd8012500/widethumbnail",
          "https://imagedelivery.net/w9Lvwo1EAmYzHfbI5TkJ7g/9f1cd3a7-6ab8-41c7-fea8-a8afd8012500/thumb",
          "https://imagedelivery.net/w9Lvwo1EAmYzHfbI5TkJ7g/9f1cd3a7-6ab8-41c7-fea8-a8afd8012500/medium",
          "https://imagedelivery.net/w9Lvwo1EAmYzHfbI5TkJ7g/9f1cd3a7-6ab8-41c7-fea8-a8afd8012500/widethumb",
          "https://imagedelivery.net/w9Lvwo1EAmYzHfbI5TkJ7g/9f1cd3a7-6ab8-41c7-fea8-a8afd8012500/large",
          "https://imagedelivery.net/w9Lvwo1EAmYzHfbI5TkJ7g/9f1cd3a7-6ab8-41c7-fea8-a8afd8012500/landthumb"
        ]
      },
      {
        "id": "c7499aff-9c3e-4970-c291-20d8f7170f00",
        "filename": "img-FrXIWzXhRkYePYJyXJhBMO7L.png",
        "meta": {
          "model": "dalle",
          "extent": "1024x1024",
          "prompt": "1950 Chevy.",
          "gallery": "lfoylt6v20bil9jay44"
        },
        "uploaded": "2023-03-26T05:28:27.426Z",
        "requireSignedURLs": false,
        "variants": [
          "https://imagedelivery.net/w9Lvwo1EAmYzHfbI5TkJ7g/c7499aff-9c3e-4970-c291-20d8f7170f00/largethumb",
          "https://imagedelivery.net/w9Lvwo1EAmYzHfbI5TkJ7g/c7499aff-9c3e-4970-c291-20d8f7170f00/porthumb",
          "https://imagedelivery.net/w9Lvwo1EAmYzHfbI5TkJ7g/c7499aff-9c3e-4970-c291-20d8f7170f00/tinythumb",
          "https://imagedelivery.net/w9Lvwo1EAmYzHfbI5TkJ7g/c7499aff-9c3e-4970-c291-20d8f7170f00/wide",
          "https://imagedelivery.net/w9Lvwo1EAmYzHfbI5TkJ7g/c7499aff-9c3e-4970-c291-20d8f7170f00/portrait",
          "https://imagedelivery.net/w9Lvwo1EAmYzHfbI5TkJ7g/c7499aff-9c3e-4970-c291-20d8f7170f00/landscape",
          "https://imagedelivery.net/w9Lvwo1EAmYzHfbI5TkJ7g/c7499aff-9c3e-4970-c291-20d8f7170f00/widethumbnail",
          "https://imagedelivery.net/w9Lvwo1EAmYzHfbI5TkJ7g/c7499aff-9c3e-4970-c291-20d8f7170f00/thumb",
          "https://imagedelivery.net/w9Lvwo1EAmYzHfbI5TkJ7g/c7499aff-9c3e-4970-c291-20d8f7170f00/medium",
          "https://imagedelivery.net/w9Lvwo1EAmYzHfbI5TkJ7g/c7499aff-9c3e-4970-c291-20d8f7170f00/widethumb",
          "https://imagedelivery.net/w9Lvwo1EAmYzHfbI5TkJ7g/c7499aff-9c3e-4970-c291-20d8f7170f00/large",
          "https://imagedelivery.net/w9Lvwo1EAmYzHfbI5TkJ7g/c7499aff-9c3e-4970-c291-20d8f7170f00/landthumb"
        ]
      },
      {
        "id": "b47564a9-bc3e-402a-a7f5-5e0fb8afa600",
        "filename": "img-FbyClraE45wQqSm0K2ky8grS.png",
        "meta": {
          "model": "dalle",
          "extent": "1024x1024",
          "prompt": "1950 Chevy.",
          "gallery": "lfoylt6v20bil9jay44"
        },
        "uploaded": "2023-03-26T05:28:25.723Z",
        "requireSignedURLs": false,
        "variants": [
          "https://imagedelivery.net/w9Lvwo1EAmYzHfbI5TkJ7g/b47564a9-bc3e-402a-a7f5-5e0fb8afa600/largethumb",
          "https://imagedelivery.net/w9Lvwo1EAmYzHfbI5TkJ7g/b47564a9-bc3e-402a-a7f5-5e0fb8afa600/porthumb",
          "https://imagedelivery.net/w9Lvwo1EAmYzHfbI5TkJ7g/b47564a9-bc3e-402a-a7f5-5e0fb8afa600/tinythumb",
          "https://imagedelivery.net/w9Lvwo1EAmYzHfbI5TkJ7g/b47564a9-bc3e-402a-a7f5-5e0fb8afa600/wide",
          "https://imagedelivery.net/w9Lvwo1EAmYzHfbI5TkJ7g/b47564a9-bc3e-402a-a7f5-5e0fb8afa600/portrait",
          "https://imagedelivery.net/w9Lvwo1EAmYzHfbI5TkJ7g/b47564a9-bc3e-402a-a7f5-5e0fb8afa600/landscape",
          "https://imagedelivery.net/w9Lvwo1EAmYzHfbI5TkJ7g/b47564a9-bc3e-402a-a7f5-5e0fb8afa600/widethumbnail",
          "https://imagedelivery.net/w9Lvwo1EAmYzHfbI5TkJ7g/b47564a9-bc3e-402a-a7f5-5e0fb8afa600/thumb",
          "https://imagedelivery.net/w9Lvwo1EAmYzHfbI5TkJ7g/b47564a9-bc3e-402a-a7f5-5e0fb8afa600/medium",
          "https://imagedelivery.net/w9Lvwo1EAmYzHfbI5TkJ7g/b47564a9-bc3e-402a-a7f5-5e0fb8afa600/widethumb",
          "https://imagedelivery.net/w9Lvwo1EAmYzHfbI5TkJ7g/b47564a9-bc3e-402a-a7f5-5e0fb8afa600/large",
          "https://imagedelivery.net/w9Lvwo1EAmYzHfbI5TkJ7g/b47564a9-bc3e-402a-a7f5-5e0fb8afa600/landthumb"
        ]
      },
      {
        "id": "dfd03448-9440-491f-743e-af9b6cb7ea00",
        "filename": "img-gDlikKLOusKTsr4OOCURPAvP.png",
        "meta": {
          "model": "dalle",
          "extent": "1024x1024",
          "prompt": "1950 Chevy.",
          "gallery": "lfoylt6v20bil9jay44"
        },
        "uploaded": "2023-03-26T05:28:23.947Z",
        "requireSignedURLs": false,
        "variants": [
          "https://imagedelivery.net/w9Lvwo1EAmYzHfbI5TkJ7g/dfd03448-9440-491f-743e-af9b6cb7ea00/largethumb",
          "https://imagedelivery.net/w9Lvwo1EAmYzHfbI5TkJ7g/dfd03448-9440-491f-743e-af9b6cb7ea00/porthumb",
          "https://imagedelivery.net/w9Lvwo1EAmYzHfbI5TkJ7g/dfd03448-9440-491f-743e-af9b6cb7ea00/tinythumb",
          "https://imagedelivery.net/w9Lvwo1EAmYzHfbI5TkJ7g/dfd03448-9440-491f-743e-af9b6cb7ea00/wide",
          "https://imagedelivery.net/w9Lvwo1EAmYzHfbI5TkJ7g/dfd03448-9440-491f-743e-af9b6cb7ea00/portrait",
          "https://imagedelivery.net/w9Lvwo1EAmYzHfbI5TkJ7g/dfd03448-9440-491f-743e-af9b6cb7ea00/landscape",
          "https://imagedelivery.net/w9Lvwo1EAmYzHfbI5TkJ7g/dfd03448-9440-491f-743e-af9b6cb7ea00/widethumbnail",
          "https://imagedelivery.net/w9Lvwo1EAmYzHfbI5TkJ7g/dfd03448-9440-491f-743e-af9b6cb7ea00/thumb",
          "https://imagedelivery.net/w9Lvwo1EAmYzHfbI5TkJ7g/dfd03448-9440-491f-743e-af9b6cb7ea00/medium",
          "https://imagedelivery.net/w9Lvwo1EAmYzHfbI5TkJ7g/dfd03448-9440-491f-743e-af9b6cb7ea00/widethumb",
          "https://imagedelivery.net/w9Lvwo1EAmYzHfbI5TkJ7g/dfd03448-9440-491f-743e-af9b6cb7ea00/large",
          "https://imagedelivery.net/w9Lvwo1EAmYzHfbI5TkJ7g/dfd03448-9440-491f-743e-af9b6cb7ea00/landthumb"
        ]
      },
      {
        "id": "d45aaec4-5508-4378-0370-dbc81cdea900",
        "filename": "img-iYQZhHndrbaqAGaio0aUnkfX.png",
        "meta": {
          "model": "dalle",
          "extent": "1024x1024",
          "prompt": "1950 Chevy.",
          "gallery": "lfoylt6v20bil9jay44"
        },
        "uploaded": "2023-03-26T05:28:22.723Z",
        "requireSignedURLs": false,
        "variants": [
          "https://imagedelivery.net/w9Lvwo1EAmYzHfbI5TkJ7g/d45aaec4-5508-4378-0370-dbc81cdea900/largethumb",
          "https://imagedelivery.net/w9Lvwo1EAmYzHfbI5TkJ7g/d45aaec4-5508-4378-0370-dbc81cdea900/porthumb",
          "https://imagedelivery.net/w9Lvwo1EAmYzHfbI5TkJ7g/d45aaec4-5508-4378-0370-dbc81cdea900/tinythumb",
          "https://imagedelivery.net/w9Lvwo1EAmYzHfbI5TkJ7g/d45aaec4-5508-4378-0370-dbc81cdea900/wide",
          "https://imagedelivery.net/w9Lvwo1EAmYzHfbI5TkJ7g/d45aaec4-5508-4378-0370-dbc81cdea900/portrait",
          "https://imagedelivery.net/w9Lvwo1EAmYzHfbI5TkJ7g/d45aaec4-5508-4378-0370-dbc81cdea900/landscape",
          "https://imagedelivery.net/w9Lvwo1EAmYzHfbI5TkJ7g/d45aaec4-5508-4378-0370-dbc81cdea900/widethumbnail",
          "https://imagedelivery.net/w9Lvwo1EAmYzHfbI5TkJ7g/d45aaec4-5508-4378-0370-dbc81cdea900/thumb",
          "https://imagedelivery.net/w9Lvwo1EAmYzHfbI5TkJ7g/d45aaec4-5508-4378-0370-dbc81cdea900/medium",
          "https://imagedelivery.net/w9Lvwo1EAmYzHfbI5TkJ7g/d45aaec4-5508-4378-0370-dbc81cdea900/widethumb",
          "https://imagedelivery.net/w9Lvwo1EAmYzHfbI5TkJ7g/d45aaec4-5508-4378-0370-dbc81cdea900/large",
          "https://imagedelivery.net/w9Lvwo1EAmYzHfbI5TkJ7g/d45aaec4-5508-4378-0370-dbc81cdea900/landthumb"
        ]
      },
      {
        "id": "751cff78-e993-4b5a-fe66-d19d03034700",
        "filename": "img-aJAqNcLE2lMiPaWWLncqQsOC.png",
        "meta": {
          "model": "dalle",
          "extent": "1024x1024",
          "prompt": "1950 Chevy.",
          "gallery": "lfoylt6v20bil9jay44"
        },
        "uploaded": "2023-03-26T05:28:21.138Z",
        "requireSignedURLs": false,
        "variants": [
          "https://imagedelivery.net/w9Lvwo1EAmYzHfbI5TkJ7g/751cff78-e993-4b5a-fe66-d19d03034700/largethumb",
          "https://imagedelivery.net/w9Lvwo1EAmYzHfbI5TkJ7g/751cff78-e993-4b5a-fe66-d19d03034700/porthumb",
          "https://imagedelivery.net/w9Lvwo1EAmYzHfbI5TkJ7g/751cff78-e993-4b5a-fe66-d19d03034700/tinythumb",
          "https://imagedelivery.net/w9Lvwo1EAmYzHfbI5TkJ7g/751cff78-e993-4b5a-fe66-d19d03034700/wide",
          "https://imagedelivery.net/w9Lvwo1EAmYzHfbI5TkJ7g/751cff78-e993-4b5a-fe66-d19d03034700/portrait",
          "https://imagedelivery.net/w9Lvwo1EAmYzHfbI5TkJ7g/751cff78-e993-4b5a-fe66-d19d03034700/landscape",
          "https://imagedelivery.net/w9Lvwo1EAmYzHfbI5TkJ7g/751cff78-e993-4b5a-fe66-d19d03034700/widethumbnail",
          "https://imagedelivery.net/w9Lvwo1EAmYzHfbI5TkJ7g/751cff78-e993-4b5a-fe66-d19d03034700/thumb",
          "https://imagedelivery.net/w9Lvwo1EAmYzHfbI5TkJ7g/751cff78-e993-4b5a-fe66-d19d03034700/medium",
          "https://imagedelivery.net/w9Lvwo1EAmYzHfbI5TkJ7g/751cff78-e993-4b5a-fe66-d19d03034700/widethumb",
          "https://imagedelivery.net/w9Lvwo1EAmYzHfbI5TkJ7g/751cff78-e993-4b5a-fe66-d19d03034700/large",
          "https://imagedelivery.net/w9Lvwo1EAmYzHfbI5TkJ7g/751cff78-e993-4b5a-fe66-d19d03034700/landthumb"
        ]
      },
      {
        "id": "bd3b797f-b5b4-4ceb-d62e-03146fc0ce00",
        "filename": "img-411d8gGnlkWchi88h20ALHpV.png",
        "meta": {
          "model": "dalle",
          "extent": "1024x1024",
          "prompt": "1950 Chevy.",
          "gallery": "lfoylt6v20bil9jay44"
        },
        "uploaded": "2023-03-26T05:28:19.875Z",
        "requireSignedURLs": false,
        "variants": [
          "https://imagedelivery.net/w9Lvwo1EAmYzHfbI5TkJ7g/bd3b797f-b5b4-4ceb-d62e-03146fc0ce00/largethumb",
          "https://imagedelivery.net/w9Lvwo1EAmYzHfbI5TkJ7g/bd3b797f-b5b4-4ceb-d62e-03146fc0ce00/porthumb",
          "https://imagedelivery.net/w9Lvwo1EAmYzHfbI5TkJ7g/bd3b797f-b5b4-4ceb-d62e-03146fc0ce00/tinythumb",
          "https://imagedelivery.net/w9Lvwo1EAmYzHfbI5TkJ7g/bd3b797f-b5b4-4ceb-d62e-03146fc0ce00/wide",
          "https://imagedelivery.net/w9Lvwo1EAmYzHfbI5TkJ7g/bd3b797f-b5b4-4ceb-d62e-03146fc0ce00/portrait",
          "https://imagedelivery.net/w9Lvwo1EAmYzHfbI5TkJ7g/bd3b797f-b5b4-4ceb-d62e-03146fc0ce00/landscape",
          "https://imagedelivery.net/w9Lvwo1EAmYzHfbI5TkJ7g/bd3b797f-b5b4-4ceb-d62e-03146fc0ce00/widethumbnail",
          "https://imagedelivery.net/w9Lvwo1EAmYzHfbI5TkJ7g/bd3b797f-b5b4-4ceb-d62e-03146fc0ce00/thumb",
          "https://imagedelivery.net/w9Lvwo1EAmYzHfbI5TkJ7g/bd3b797f-b5b4-4ceb-d62e-03146fc0ce00/medium",
          "https://imagedelivery.net/w9Lvwo1EAmYzHfbI5TkJ7g/bd3b797f-b5b4-4ceb-d62e-03146fc0ce00/widethumb",
          "https://imagedelivery.net/w9Lvwo1EAmYzHfbI5TkJ7g/bd3b797f-b5b4-4ceb-d62e-03146fc0ce00/large",
          "https://imagedelivery.net/w9Lvwo1EAmYzHfbI5TkJ7g/bd3b797f-b5b4-4ceb-d62e-03146fc0ce00/landthumb"
        ]
      },
      {
        "id": "2595c6f7-45a4-4e86-d4ee-556943b31800",
        "filename": "img-HWucsu8f9xMD1B7RuPgZcQzq.png",
        "meta": {
          "model": "dalle",
          "extent": "1024x1024",
          "prompt": "1950 Chevy.",
          "gallery": "lfoylt6v20bil9jay44"
        },
        "uploaded": "2023-03-26T05:28:17.869Z",
        "requireSignedURLs": false,
        "variants": [
          "https://imagedelivery.net/w9Lvwo1EAmYzHfbI5TkJ7g/2595c6f7-45a4-4e86-d4ee-556943b31800/largethumb",
          "https://imagedelivery.net/w9Lvwo1EAmYzHfbI5TkJ7g/2595c6f7-45a4-4e86-d4ee-556943b31800/porthumb",
          "https://imagedelivery.net/w9Lvwo1EAmYzHfbI5TkJ7g/2595c6f7-45a4-4e86-d4ee-556943b31800/tinythumb",
          "https://imagedelivery.net/w9Lvwo1EAmYzHfbI5TkJ7g/2595c6f7-45a4-4e86-d4ee-556943b31800/wide",
          "https://imagedelivery.net/w9Lvwo1EAmYzHfbI5TkJ7g/2595c6f7-45a4-4e86-d4ee-556943b31800/portrait",
          "https://imagedelivery.net/w9Lvwo1EAmYzHfbI5TkJ7g/2595c6f7-45a4-4e86-d4ee-556943b31800/landscape",
          "https://imagedelivery.net/w9Lvwo1EAmYzHfbI5TkJ7g/2595c6f7-45a4-4e86-d4ee-556943b31800/widethumbnail",
          "https://imagedelivery.net/w9Lvwo1EAmYzHfbI5TkJ7g/2595c6f7-45a4-4e86-d4ee-556943b31800/thumb",
          "https://imagedelivery.net/w9Lvwo1EAmYzHfbI5TkJ7g/2595c6f7-45a4-4e86-d4ee-556943b31800/medium",
          "https://imagedelivery.net/w9Lvwo1EAmYzHfbI5TkJ7g/2595c6f7-45a4-4e86-d4ee-556943b31800/widethumb",
          "https://imagedelivery.net/w9Lvwo1EAmYzHfbI5TkJ7g/2595c6f7-45a4-4e86-d4ee-556943b31800/large",
          "https://imagedelivery.net/w9Lvwo1EAmYzHfbI5TkJ7g/2595c6f7-45a4-4e86-d4ee-556943b31800/landthumb"
        ]
      },
      {
        "id": "257b668f-f9d2-47df-2f02-4b4514e3f800",
        "filename": "img-mjXKYp1Ns1gxzwCVfwgras2K.png",
        "meta": {
          "model": "dalle",
          "extent": "1024x1024",
          "prompt": "1950 Chevy.",
          "gallery": "lfoylt6v20bil9jay44"
        },
        "uploaded": "2023-03-26T05:28:16.393Z",
        "requireSignedURLs": false,
        "variants": [
          "https://imagedelivery.net/w9Lvwo1EAmYzHfbI5TkJ7g/257b668f-f9d2-47df-2f02-4b4514e3f800/largethumb",
          "https://imagedelivery.net/w9Lvwo1EAmYzHfbI5TkJ7g/257b668f-f9d2-47df-2f02-4b4514e3f800/porthumb",
          "https://imagedelivery.net/w9Lvwo1EAmYzHfbI5TkJ7g/257b668f-f9d2-47df-2f02-4b4514e3f800/tinythumb",
          "https://imagedelivery.net/w9Lvwo1EAmYzHfbI5TkJ7g/257b668f-f9d2-47df-2f02-4b4514e3f800/wide",
          "https://imagedelivery.net/w9Lvwo1EAmYzHfbI5TkJ7g/257b668f-f9d2-47df-2f02-4b4514e3f800/portrait",
          "https://imagedelivery.net/w9Lvwo1EAmYzHfbI5TkJ7g/257b668f-f9d2-47df-2f02-4b4514e3f800/landscape",
          "https://imagedelivery.net/w9Lvwo1EAmYzHfbI5TkJ7g/257b668f-f9d2-47df-2f02-4b4514e3f800/widethumbnail",
          "https://imagedelivery.net/w9Lvwo1EAmYzHfbI5TkJ7g/257b668f-f9d2-47df-2f02-4b4514e3f800/thumb",
          "https://imagedelivery.net/w9Lvwo1EAmYzHfbI5TkJ7g/257b668f-f9d2-47df-2f02-4b4514e3f800/medium",
          "https://imagedelivery.net/w9Lvwo1EAmYzHfbI5TkJ7g/257b668f-f9d2-47df-2f02-4b4514e3f800/widethumb",
          "https://imagedelivery.net/w9Lvwo1EAmYzHfbI5TkJ7g/257b668f-f9d2-47df-2f02-4b4514e3f800/large",
          "https://imagedelivery.net/w9Lvwo1EAmYzHfbI5TkJ7g/257b668f-f9d2-47df-2f02-4b4514e3f800/landthumb"
        ]
      },
      {
        "id": "c83e8c19-fc85-4103-68e6-3c7407a15d00",
        "filename": "img-kzgSZcCljWLZmWLOwPAVp1D7.png",
        "meta": {
          "model": "dalle",
          "extent": "1024x1024",
          "prompt": "1950 Chevy.",
          "gallery": "lfoylt6v20bil9jay44"
        },
        "uploaded": "2023-03-26T05:28:14.744Z",
        "requireSignedURLs": false,
        "variants": [
          "https://imagedelivery.net/w9Lvwo1EAmYzHfbI5TkJ7g/c83e8c19-fc85-4103-68e6-3c7407a15d00/largethumb",
          "https://imagedelivery.net/w9Lvwo1EAmYzHfbI5TkJ7g/c83e8c19-fc85-4103-68e6-3c7407a15d00/porthumb",
          "https://imagedelivery.net/w9Lvwo1EAmYzHfbI5TkJ7g/c83e8c19-fc85-4103-68e6-3c7407a15d00/tinythumb",
          "https://imagedelivery.net/w9Lvwo1EAmYzHfbI5TkJ7g/c83e8c19-fc85-4103-68e6-3c7407a15d00/wide",
          "https://imagedelivery.net/w9Lvwo1EAmYzHfbI5TkJ7g/c83e8c19-fc85-4103-68e6-3c7407a15d00/portrait",
          "https://imagedelivery.net/w9Lvwo1EAmYzHfbI5TkJ7g/c83e8c19-fc85-4103-68e6-3c7407a15d00/landscape",
          "https://imagedelivery.net/w9Lvwo1EAmYzHfbI5TkJ7g/c83e8c19-fc85-4103-68e6-3c7407a15d00/widethumbnail",
          "https://imagedelivery.net/w9Lvwo1EAmYzHfbI5TkJ7g/c83e8c19-fc85-4103-68e6-3c7407a15d00/thumb",
          "https://imagedelivery.net/w9Lvwo1EAmYzHfbI5TkJ7g/c83e8c19-fc85-4103-68e6-3c7407a15d00/medium",
          "https://imagedelivery.net/w9Lvwo1EAmYzHfbI5TkJ7g/c83e8c19-fc85-4103-68e6-3c7407a15d00/widethumb",
          "https://imagedelivery.net/w9Lvwo1EAmYzHfbI5TkJ7g/c83e8c19-fc85-4103-68e6-3c7407a15d00/large",
          "https://imagedelivery.net/w9Lvwo1EAmYzHfbI5TkJ7g/c83e8c19-fc85-4103-68e6-3c7407a15d00/landthumb"
        ]
      },
      {
        "id": "783d8c86-e9dd-4f9d-aa79-49ec9e3dd400",
        "filename": "img-79UlpogDxl5lfoTREMSDiNRV.png",
        "meta": {
          "model": "dalle",
          "extent": "1024x1024",
          "prompt": "1950 Ford",
          "gallery": "lfoyfr7p1jmt88lw9n4"
        },
        "uploaded": "2023-03-26T05:23:47.234Z",
        "requireSignedURLs": false,
        "variants": [
          "https://imagedelivery.net/w9Lvwo1EAmYzHfbI5TkJ7g/783d8c86-e9dd-4f9d-aa79-49ec9e3dd400/largethumb",
          "https://imagedelivery.net/w9Lvwo1EAmYzHfbI5TkJ7g/783d8c86-e9dd-4f9d-aa79-49ec9e3dd400/porthumb",
          "https://imagedelivery.net/w9Lvwo1EAmYzHfbI5TkJ7g/783d8c86-e9dd-4f9d-aa79-49ec9e3dd400/tinythumb",
          "https://imagedelivery.net/w9Lvwo1EAmYzHfbI5TkJ7g/783d8c86-e9dd-4f9d-aa79-49ec9e3dd400/wide",
          "https://imagedelivery.net/w9Lvwo1EAmYzHfbI5TkJ7g/783d8c86-e9dd-4f9d-aa79-49ec9e3dd400/portrait",
          "https://imagedelivery.net/w9Lvwo1EAmYzHfbI5TkJ7g/783d8c86-e9dd-4f9d-aa79-49ec9e3dd400/landscape",
          "https://imagedelivery.net/w9Lvwo1EAmYzHfbI5TkJ7g/783d8c86-e9dd-4f9d-aa79-49ec9e3dd400/widethumbnail",
          "https://imagedelivery.net/w9Lvwo1EAmYzHfbI5TkJ7g/783d8c86-e9dd-4f9d-aa79-49ec9e3dd400/thumb",
          "https://imagedelivery.net/w9Lvwo1EAmYzHfbI5TkJ7g/783d8c86-e9dd-4f9d-aa79-49ec9e3dd400/medium",
          "https://imagedelivery.net/w9Lvwo1EAmYzHfbI5TkJ7g/783d8c86-e9dd-4f9d-aa79-49ec9e3dd400/widethumb",
          "https://imagedelivery.net/w9Lvwo1EAmYzHfbI5TkJ7g/783d8c86-e9dd-4f9d-aa79-49ec9e3dd400/large",
          "https://imagedelivery.net/w9Lvwo1EAmYzHfbI5TkJ7g/783d8c86-e9dd-4f9d-aa79-49ec9e3dd400/landthumb"
        ]
      },
      {
        "id": "3d9f68e8-6f26-4497-af82-691c1eae4a00",
        "filename": "img-rzst6DLQJFBynk9SkGQHrHg1.png",
        "meta": {
          "model": "dalle",
          "extent": "1024x1024",
          "prompt": "1950 Ford",
          "gallery": "lfoyfr7p1jmt88lw9n4"
        },
        "uploaded": "2023-03-26T05:23:45.653Z",
        "requireSignedURLs": false,
        "variants": [
          "https://imagedelivery.net/w9Lvwo1EAmYzHfbI5TkJ7g/3d9f68e8-6f26-4497-af82-691c1eae4a00/largethumb",
          "https://imagedelivery.net/w9Lvwo1EAmYzHfbI5TkJ7g/3d9f68e8-6f26-4497-af82-691c1eae4a00/porthumb",
          "https://imagedelivery.net/w9Lvwo1EAmYzHfbI5TkJ7g/3d9f68e8-6f26-4497-af82-691c1eae4a00/tinythumb",
          "https://imagedelivery.net/w9Lvwo1EAmYzHfbI5TkJ7g/3d9f68e8-6f26-4497-af82-691c1eae4a00/wide",
          "https://imagedelivery.net/w9Lvwo1EAmYzHfbI5TkJ7g/3d9f68e8-6f26-4497-af82-691c1eae4a00/portrait",
          "https://imagedelivery.net/w9Lvwo1EAmYzHfbI5TkJ7g/3d9f68e8-6f26-4497-af82-691c1eae4a00/landscape",
          "https://imagedelivery.net/w9Lvwo1EAmYzHfbI5TkJ7g/3d9f68e8-6f26-4497-af82-691c1eae4a00/widethumbnail",
          "https://imagedelivery.net/w9Lvwo1EAmYzHfbI5TkJ7g/3d9f68e8-6f26-4497-af82-691c1eae4a00/thumb",
          "https://imagedelivery.net/w9Lvwo1EAmYzHfbI5TkJ7g/3d9f68e8-6f26-4497-af82-691c1eae4a00/medium",
          "https://imagedelivery.net/w9Lvwo1EAmYzHfbI5TkJ7g/3d9f68e8-6f26-4497-af82-691c1eae4a00/widethumb",
          "https://imagedelivery.net/w9Lvwo1EAmYzHfbI5TkJ7g/3d9f68e8-6f26-4497-af82-691c1eae4a00/large",
          "https://imagedelivery.net/w9Lvwo1EAmYzHfbI5TkJ7g/3d9f68e8-6f26-4497-af82-691c1eae4a00/landthumb"
        ]
      },
      {
        "id": "f7d3958a-07a3-4d98-9180-0eef95ae2a00",
        "filename": "img-Xqy42h4JnYwz1sv2diNl7ueV.png",
        "meta": {
          "model": "dalle",
          "extent": "1024x1024",
          "prompt": "1950 Ford",
          "gallery": "lfoyfr7p1jmt88lw9n4"
        },
        "uploaded": "2023-03-26T05:23:44.226Z",
        "requireSignedURLs": false,
        "variants": [
          "https://imagedelivery.net/w9Lvwo1EAmYzHfbI5TkJ7g/f7d3958a-07a3-4d98-9180-0eef95ae2a00/largethumb",
          "https://imagedelivery.net/w9Lvwo1EAmYzHfbI5TkJ7g/f7d3958a-07a3-4d98-9180-0eef95ae2a00/porthumb",
          "https://imagedelivery.net/w9Lvwo1EAmYzHfbI5TkJ7g/f7d3958a-07a3-4d98-9180-0eef95ae2a00/tinythumb",
          "https://imagedelivery.net/w9Lvwo1EAmYzHfbI5TkJ7g/f7d3958a-07a3-4d98-9180-0eef95ae2a00/wide",
          "https://imagedelivery.net/w9Lvwo1EAmYzHfbI5TkJ7g/f7d3958a-07a3-4d98-9180-0eef95ae2a00/portrait",
          "https://imagedelivery.net/w9Lvwo1EAmYzHfbI5TkJ7g/f7d3958a-07a3-4d98-9180-0eef95ae2a00/landscape",
          "https://imagedelivery.net/w9Lvwo1EAmYzHfbI5TkJ7g/f7d3958a-07a3-4d98-9180-0eef95ae2a00/widethumbnail",
          "https://imagedelivery.net/w9Lvwo1EAmYzHfbI5TkJ7g/f7d3958a-07a3-4d98-9180-0eef95ae2a00/thumb",
          "https://imagedelivery.net/w9Lvwo1EAmYzHfbI5TkJ7g/f7d3958a-07a3-4d98-9180-0eef95ae2a00/medium",
          "https://imagedelivery.net/w9Lvwo1EAmYzHfbI5TkJ7g/f7d3958a-07a3-4d98-9180-0eef95ae2a00/widethumb",
          "https://imagedelivery.net/w9Lvwo1EAmYzHfbI5TkJ7g/f7d3958a-07a3-4d98-9180-0eef95ae2a00/large",
          "https://imagedelivery.net/w9Lvwo1EAmYzHfbI5TkJ7g/f7d3958a-07a3-4d98-9180-0eef95ae2a00/landthumb"
        ]
      },
      {
        "id": "ea1ad8e4-f94e-4ccb-b153-b74810f8d300",
        "filename": "img-h1qANW9ah7RlXD61ayA4zz9I.png",
        "meta": {
          "model": "dalle",
          "extent": "1024x1024",
          "prompt": "1950 Ford",
          "gallery": "lfoyfr7p1jmt88lw9n4"
        },
        "uploaded": "2023-03-26T05:23:41.866Z",
        "requireSignedURLs": false,
        "variants": [
          "https://imagedelivery.net/w9Lvwo1EAmYzHfbI5TkJ7g/ea1ad8e4-f94e-4ccb-b153-b74810f8d300/largethumb",
          "https://imagedelivery.net/w9Lvwo1EAmYzHfbI5TkJ7g/ea1ad8e4-f94e-4ccb-b153-b74810f8d300/porthumb",
          "https://imagedelivery.net/w9Lvwo1EAmYzHfbI5TkJ7g/ea1ad8e4-f94e-4ccb-b153-b74810f8d300/tinythumb",
          "https://imagedelivery.net/w9Lvwo1EAmYzHfbI5TkJ7g/ea1ad8e4-f94e-4ccb-b153-b74810f8d300/wide",
          "https://imagedelivery.net/w9Lvwo1EAmYzHfbI5TkJ7g/ea1ad8e4-f94e-4ccb-b153-b74810f8d300/portrait",
          "https://imagedelivery.net/w9Lvwo1EAmYzHfbI5TkJ7g/ea1ad8e4-f94e-4ccb-b153-b74810f8d300/landscape",
          "https://imagedelivery.net/w9Lvwo1EAmYzHfbI5TkJ7g/ea1ad8e4-f94e-4ccb-b153-b74810f8d300/widethumbnail",
          "https://imagedelivery.net/w9Lvwo1EAmYzHfbI5TkJ7g/ea1ad8e4-f94e-4ccb-b153-b74810f8d300/thumb",
          "https://imagedelivery.net/w9Lvwo1EAmYzHfbI5TkJ7g/ea1ad8e4-f94e-4ccb-b153-b74810f8d300/medium",
          "https://imagedelivery.net/w9Lvwo1EAmYzHfbI5TkJ7g/ea1ad8e4-f94e-4ccb-b153-b74810f8d300/widethumb",
          "https://imagedelivery.net/w9Lvwo1EAmYzHfbI5TkJ7g/ea1ad8e4-f94e-4ccb-b153-b74810f8d300/large",
          "https://imagedelivery.net/w9Lvwo1EAmYzHfbI5TkJ7g/ea1ad8e4-f94e-4ccb-b153-b74810f8d300/landthumb"
        ]
      },
      {
        "id": "6a703249-6b1b-4cb5-d5a5-3723681b1f00",
        "filename": "img-A9N0UwfxSkVlg56RhnQTqTGx.png",
        "meta": {
          "model": "dalle",
          "extent": "1024x1024",
          "prompt": "1950 Ford",
          "gallery": "lfoyfr7p1jmt88lw9n4"
        },
        "uploaded": "2023-03-26T05:23:40.542Z",
        "requireSignedURLs": false,
        "variants": [
          "https://imagedelivery.net/w9Lvwo1EAmYzHfbI5TkJ7g/6a703249-6b1b-4cb5-d5a5-3723681b1f00/largethumb",
          "https://imagedelivery.net/w9Lvwo1EAmYzHfbI5TkJ7g/6a703249-6b1b-4cb5-d5a5-3723681b1f00/porthumb",
          "https://imagedelivery.net/w9Lvwo1EAmYzHfbI5TkJ7g/6a703249-6b1b-4cb5-d5a5-3723681b1f00/tinythumb",
          "https://imagedelivery.net/w9Lvwo1EAmYzHfbI5TkJ7g/6a703249-6b1b-4cb5-d5a5-3723681b1f00/wide",
          "https://imagedelivery.net/w9Lvwo1EAmYzHfbI5TkJ7g/6a703249-6b1b-4cb5-d5a5-3723681b1f00/portrait",
          "https://imagedelivery.net/w9Lvwo1EAmYzHfbI5TkJ7g/6a703249-6b1b-4cb5-d5a5-3723681b1f00/landscape",
          "https://imagedelivery.net/w9Lvwo1EAmYzHfbI5TkJ7g/6a703249-6b1b-4cb5-d5a5-3723681b1f00/widethumbnail",
          "https://imagedelivery.net/w9Lvwo1EAmYzHfbI5TkJ7g/6a703249-6b1b-4cb5-d5a5-3723681b1f00/thumb",
          "https://imagedelivery.net/w9Lvwo1EAmYzHfbI5TkJ7g/6a703249-6b1b-4cb5-d5a5-3723681b1f00/medium",
          "https://imagedelivery.net/w9Lvwo1EAmYzHfbI5TkJ7g/6a703249-6b1b-4cb5-d5a5-3723681b1f00/widethumb",
          "https://imagedelivery.net/w9Lvwo1EAmYzHfbI5TkJ7g/6a703249-6b1b-4cb5-d5a5-3723681b1f00/large",
          "https://imagedelivery.net/w9Lvwo1EAmYzHfbI5TkJ7g/6a703249-6b1b-4cb5-d5a5-3723681b1f00/landthumb"
        ]
      },
      {
        "id": "cf37b046-dddd-411f-fdc7-b8da4e02c300",
        "filename": "img-bWuQGxu6UfshI7zCptHRd2EJ.png",
        "meta": {
          "model": "dalle",
          "extent": "1024x1024",
          "prompt": "1950 Ford",
          "gallery": "lfoyfr7p1jmt88lw9n4"
        },
        "uploaded": "2023-03-26T05:23:38.752Z",
        "requireSignedURLs": false,
        "variants": [
          "https://imagedelivery.net/w9Lvwo1EAmYzHfbI5TkJ7g/cf37b046-dddd-411f-fdc7-b8da4e02c300/largethumb",
          "https://imagedelivery.net/w9Lvwo1EAmYzHfbI5TkJ7g/cf37b046-dddd-411f-fdc7-b8da4e02c300/porthumb",
          "https://imagedelivery.net/w9Lvwo1EAmYzHfbI5TkJ7g/cf37b046-dddd-411f-fdc7-b8da4e02c300/tinythumb",
          "https://imagedelivery.net/w9Lvwo1EAmYzHfbI5TkJ7g/cf37b046-dddd-411f-fdc7-b8da4e02c300/wide",
          "https://imagedelivery.net/w9Lvwo1EAmYzHfbI5TkJ7g/cf37b046-dddd-411f-fdc7-b8da4e02c300/portrait",
          "https://imagedelivery.net/w9Lvwo1EAmYzHfbI5TkJ7g/cf37b046-dddd-411f-fdc7-b8da4e02c300/landscape",
          "https://imagedelivery.net/w9Lvwo1EAmYzHfbI5TkJ7g/cf37b046-dddd-411f-fdc7-b8da4e02c300/widethumbnail",
          "https://imagedelivery.net/w9Lvwo1EAmYzHfbI5TkJ7g/cf37b046-dddd-411f-fdc7-b8da4e02c300/thumb",
          "https://imagedelivery.net/w9Lvwo1EAmYzHfbI5TkJ7g/cf37b046-dddd-411f-fdc7-b8da4e02c300/medium",
          "https://imagedelivery.net/w9Lvwo1EAmYzHfbI5TkJ7g/cf37b046-dddd-411f-fdc7-b8da4e02c300/widethumb",
          "https://imagedelivery.net/w9Lvwo1EAmYzHfbI5TkJ7g/cf37b046-dddd-411f-fdc7-b8da4e02c300/large",
          "https://imagedelivery.net/w9Lvwo1EAmYzHfbI5TkJ7g/cf37b046-dddd-411f-fdc7-b8da4e02c300/landthumb"
        ]
      },
      {
        "id": "bd1bffb7-44ef-4bf2-61bc-05a4d9a3c900",
        "filename": "img-xfEH91kgcUcwX6K1zBlXW2aq.png",
        "meta": {
          "model": "dalle",
          "extent": "1024x1024",
          "prompt": "1950 Ford",
          "gallery": "lfoyfr7p1jmt88lw9n4"
        },
        "uploaded": "2023-03-26T05:23:36.736Z",
        "requireSignedURLs": false,
        "variants": [
          "https://imagedelivery.net/w9Lvwo1EAmYzHfbI5TkJ7g/bd1bffb7-44ef-4bf2-61bc-05a4d9a3c900/largethumb",
          "https://imagedelivery.net/w9Lvwo1EAmYzHfbI5TkJ7g/bd1bffb7-44ef-4bf2-61bc-05a4d9a3c900/porthumb",
          "https://imagedelivery.net/w9Lvwo1EAmYzHfbI5TkJ7g/bd1bffb7-44ef-4bf2-61bc-05a4d9a3c900/tinythumb",
          "https://imagedelivery.net/w9Lvwo1EAmYzHfbI5TkJ7g/bd1bffb7-44ef-4bf2-61bc-05a4d9a3c900/wide",
          "https://imagedelivery.net/w9Lvwo1EAmYzHfbI5TkJ7g/bd1bffb7-44ef-4bf2-61bc-05a4d9a3c900/portrait",
          "https://imagedelivery.net/w9Lvwo1EAmYzHfbI5TkJ7g/bd1bffb7-44ef-4bf2-61bc-05a4d9a3c900/landscape",
          "https://imagedelivery.net/w9Lvwo1EAmYzHfbI5TkJ7g/bd1bffb7-44ef-4bf2-61bc-05a4d9a3c900/widethumbnail",
          "https://imagedelivery.net/w9Lvwo1EAmYzHfbI5TkJ7g/bd1bffb7-44ef-4bf2-61bc-05a4d9a3c900/thumb",
          "https://imagedelivery.net/w9Lvwo1EAmYzHfbI5TkJ7g/bd1bffb7-44ef-4bf2-61bc-05a4d9a3c900/medium",
          "https://imagedelivery.net/w9Lvwo1EAmYzHfbI5TkJ7g/bd1bffb7-44ef-4bf2-61bc-05a4d9a3c900/widethumb",
          "https://imagedelivery.net/w9Lvwo1EAmYzHfbI5TkJ7g/bd1bffb7-44ef-4bf2-61bc-05a4d9a3c900/large",
          "https://imagedelivery.net/w9Lvwo1EAmYzHfbI5TkJ7g/bd1bffb7-44ef-4bf2-61bc-05a4d9a3c900/landthumb"
        ]
      },
      {
        "id": "f3623b43-8d8d-4f41-3b0c-23a3aa844e00",
        "filename": "img-kb3pBfEpsOifpONUTcXQ4YYB.png",
        "meta": {
          "model": "dalle",
          "extent": "1024x1024",
          "prompt": "1950 Ford",
          "gallery": "lfoyfr7p1jmt88lw9n4"
        },
        "uploaded": "2023-03-26T05:23:35.530Z",
        "requireSignedURLs": false,
        "variants": [
          "https://imagedelivery.net/w9Lvwo1EAmYzHfbI5TkJ7g/f3623b43-8d8d-4f41-3b0c-23a3aa844e00/largethumb",
          "https://imagedelivery.net/w9Lvwo1EAmYzHfbI5TkJ7g/f3623b43-8d8d-4f41-3b0c-23a3aa844e00/porthumb",
          "https://imagedelivery.net/w9Lvwo1EAmYzHfbI5TkJ7g/f3623b43-8d8d-4f41-3b0c-23a3aa844e00/tinythumb",
          "https://imagedelivery.net/w9Lvwo1EAmYzHfbI5TkJ7g/f3623b43-8d8d-4f41-3b0c-23a3aa844e00/wide",
          "https://imagedelivery.net/w9Lvwo1EAmYzHfbI5TkJ7g/f3623b43-8d8d-4f41-3b0c-23a3aa844e00/portrait",
          "https://imagedelivery.net/w9Lvwo1EAmYzHfbI5TkJ7g/f3623b43-8d8d-4f41-3b0c-23a3aa844e00/landscape",
          "https://imagedelivery.net/w9Lvwo1EAmYzHfbI5TkJ7g/f3623b43-8d8d-4f41-3b0c-23a3aa844e00/widethumbnail",
          "https://imagedelivery.net/w9Lvwo1EAmYzHfbI5TkJ7g/f3623b43-8d8d-4f41-3b0c-23a3aa844e00/thumb",
          "https://imagedelivery.net/w9Lvwo1EAmYzHfbI5TkJ7g/f3623b43-8d8d-4f41-3b0c-23a3aa844e00/medium",
          "https://imagedelivery.net/w9Lvwo1EAmYzHfbI5TkJ7g/f3623b43-8d8d-4f41-3b0c-23a3aa844e00/widethumb",
          "https://imagedelivery.net/w9Lvwo1EAmYzHfbI5TkJ7g/f3623b43-8d8d-4f41-3b0c-23a3aa844e00/large",
          "https://imagedelivery.net/w9Lvwo1EAmYzHfbI5TkJ7g/f3623b43-8d8d-4f41-3b0c-23a3aa844e00/landthumb"
        ]
      },
      {
        "id": "14f2b7e6-4ba3-43d1-200d-d76a46c5df00",
        "filename": "img-wmxR7LxuIOphiDCrbImgXpCL.png",
        "meta": {
          "model": "dalle",
          "extent": "1024x1024",
          "prompt": "1950 Ford",
          "gallery": "lfoyfr7p1jmt88lw9n4"
        },
        "uploaded": "2023-03-26T05:23:34.235Z",
        "requireSignedURLs": false,
        "variants": [
          "https://imagedelivery.net/w9Lvwo1EAmYzHfbI5TkJ7g/14f2b7e6-4ba3-43d1-200d-d76a46c5df00/largethumb",
          "https://imagedelivery.net/w9Lvwo1EAmYzHfbI5TkJ7g/14f2b7e6-4ba3-43d1-200d-d76a46c5df00/porthumb",
          "https://imagedelivery.net/w9Lvwo1EAmYzHfbI5TkJ7g/14f2b7e6-4ba3-43d1-200d-d76a46c5df00/tinythumb",
          "https://imagedelivery.net/w9Lvwo1EAmYzHfbI5TkJ7g/14f2b7e6-4ba3-43d1-200d-d76a46c5df00/wide",
          "https://imagedelivery.net/w9Lvwo1EAmYzHfbI5TkJ7g/14f2b7e6-4ba3-43d1-200d-d76a46c5df00/portrait",
          "https://imagedelivery.net/w9Lvwo1EAmYzHfbI5TkJ7g/14f2b7e6-4ba3-43d1-200d-d76a46c5df00/landscape",
          "https://imagedelivery.net/w9Lvwo1EAmYzHfbI5TkJ7g/14f2b7e6-4ba3-43d1-200d-d76a46c5df00/widethumbnail",
          "https://imagedelivery.net/w9Lvwo1EAmYzHfbI5TkJ7g/14f2b7e6-4ba3-43d1-200d-d76a46c5df00/thumb",
          "https://imagedelivery.net/w9Lvwo1EAmYzHfbI5TkJ7g/14f2b7e6-4ba3-43d1-200d-d76a46c5df00/medium",
          "https://imagedelivery.net/w9Lvwo1EAmYzHfbI5TkJ7g/14f2b7e6-4ba3-43d1-200d-d76a46c5df00/widethumb",
          "https://imagedelivery.net/w9Lvwo1EAmYzHfbI5TkJ7g/14f2b7e6-4ba3-43d1-200d-d76a46c5df00/large",
          "https://imagedelivery.net/w9Lvwo1EAmYzHfbI5TkJ7g/14f2b7e6-4ba3-43d1-200d-d76a46c5df00/landthumb"
        ]
      },
      {
        "id": "c7ad42a8-c744-4eed-4042-61c3933a3100",
        "filename": "img-BiJiVYPXS9mkiHEw2bd6fxnv.png",
        "meta": {
          "model": "dalle",
          "extent": "1024x1024",
          "prompt": "1950 Ford",
          "gallery": "lfoyfr7p1jmt88lw9n4"
        },
        "uploaded": "2023-03-26T05:23:32.496Z",
        "requireSignedURLs": false,
        "variants": [
          "https://imagedelivery.net/w9Lvwo1EAmYzHfbI5TkJ7g/c7ad42a8-c744-4eed-4042-61c3933a3100/largethumb",
          "https://imagedelivery.net/w9Lvwo1EAmYzHfbI5TkJ7g/c7ad42a8-c744-4eed-4042-61c3933a3100/porthumb",
          "https://imagedelivery.net/w9Lvwo1EAmYzHfbI5TkJ7g/c7ad42a8-c744-4eed-4042-61c3933a3100/tinythumb",
          "https://imagedelivery.net/w9Lvwo1EAmYzHfbI5TkJ7g/c7ad42a8-c744-4eed-4042-61c3933a3100/wide",
          "https://imagedelivery.net/w9Lvwo1EAmYzHfbI5TkJ7g/c7ad42a8-c744-4eed-4042-61c3933a3100/portrait",
          "https://imagedelivery.net/w9Lvwo1EAmYzHfbI5TkJ7g/c7ad42a8-c744-4eed-4042-61c3933a3100/landscape",
          "https://imagedelivery.net/w9Lvwo1EAmYzHfbI5TkJ7g/c7ad42a8-c744-4eed-4042-61c3933a3100/widethumbnail",
          "https://imagedelivery.net/w9Lvwo1EAmYzHfbI5TkJ7g/c7ad42a8-c744-4eed-4042-61c3933a3100/thumb",
          "https://imagedelivery.net/w9Lvwo1EAmYzHfbI5TkJ7g/c7ad42a8-c744-4eed-4042-61c3933a3100/medium",
          "https://imagedelivery.net/w9Lvwo1EAmYzHfbI5TkJ7g/c7ad42a8-c744-4eed-4042-61c3933a3100/widethumb",
          "https://imagedelivery.net/w9Lvwo1EAmYzHfbI5TkJ7g/c7ad42a8-c744-4eed-4042-61c3933a3100/large",
          "https://imagedelivery.net/w9Lvwo1EAmYzHfbI5TkJ7g/c7ad42a8-c744-4eed-4042-61c3933a3100/landthumb"
        ]
      },
      {
        "id": "0c69ffe9-2dce-4470-eea8-0362916e9d00",
        "filename": "img-kiqekLswMYbEoAapThvCkzrn.png",
        "meta": {
          "model": "dalle",
          "extent": "1024x1024",
          "prompt": "2 medieval warriors ::0.4 travelling on a cliff to a background castle , view of a coast line landscape , English coastline, Irish coastline, scottish coastline, perspective, folklore, King Arthur, Lord of the Rings, Game of Thrones. Photographic, Photography, photorealistic, concept art, Artstation trending , cinematic lighting, cinematic composition, rule of thirds , ultra-detailed, dusk sky , low contrast, natural lighting, fog, realistic, light fogged, detailed, atmosphere hyperrealistic , volumetric light, ultra photoreal, | 35mm| , Matte painting, movie concept art, hyper-detailed, insanely detailed, corona render, octane render, 8k, --ar 3:1 --no blur",
          "gallery": "lfovrtz4usfnt8vrjif"
        },
        "uploaded": "2023-03-26T04:09:11.356Z",
        "requireSignedURLs": false,
        "variants": [
          "https://imagedelivery.net/w9Lvwo1EAmYzHfbI5TkJ7g/0c69ffe9-2dce-4470-eea8-0362916e9d00/largethumb",
          "https://imagedelivery.net/w9Lvwo1EAmYzHfbI5TkJ7g/0c69ffe9-2dce-4470-eea8-0362916e9d00/porthumb",
          "https://imagedelivery.net/w9Lvwo1EAmYzHfbI5TkJ7g/0c69ffe9-2dce-4470-eea8-0362916e9d00/tinythumb",
          "https://imagedelivery.net/w9Lvwo1EAmYzHfbI5TkJ7g/0c69ffe9-2dce-4470-eea8-0362916e9d00/wide",
          "https://imagedelivery.net/w9Lvwo1EAmYzHfbI5TkJ7g/0c69ffe9-2dce-4470-eea8-0362916e9d00/portrait",
          "https://imagedelivery.net/w9Lvwo1EAmYzHfbI5TkJ7g/0c69ffe9-2dce-4470-eea8-0362916e9d00/landscape",
          "https://imagedelivery.net/w9Lvwo1EAmYzHfbI5TkJ7g/0c69ffe9-2dce-4470-eea8-0362916e9d00/widethumbnail",
          "https://imagedelivery.net/w9Lvwo1EAmYzHfbI5TkJ7g/0c69ffe9-2dce-4470-eea8-0362916e9d00/thumb",
          "https://imagedelivery.net/w9Lvwo1EAmYzHfbI5TkJ7g/0c69ffe9-2dce-4470-eea8-0362916e9d00/medium",
          "https://imagedelivery.net/w9Lvwo1EAmYzHfbI5TkJ7g/0c69ffe9-2dce-4470-eea8-0362916e9d00/widethumb",
          "https://imagedelivery.net/w9Lvwo1EAmYzHfbI5TkJ7g/0c69ffe9-2dce-4470-eea8-0362916e9d00/large",
          "https://imagedelivery.net/w9Lvwo1EAmYzHfbI5TkJ7g/0c69ffe9-2dce-4470-eea8-0362916e9d00/landthumb"
        ]
      },
      {
        "id": "d9efaa18-bcb8-4ea7-336b-e8c2e19a5e00",
        "filename": "img-NRNX3V7sloPsF8YfJiSVnJon.png",
        "meta": {
          "model": "dalle",
          "extent": "1024x1024",
          "prompt": "2 medieval warriors ::0.4 travelling on a cliff to a background castle , view of a coast line landscape , English coastline, Irish coastline, scottish coastline, perspective, folklore, King Arthur, Lord of the Rings, Game of Thrones. Photographic, Photography, photorealistic, concept art, Artstation trending , cinematic lighting, cinematic composition, rule of thirds , ultra-detailed, dusk sky , low contrast, natural lighting, fog, realistic, light fogged, detailed, atmosphere hyperrealistic , volumetric light, ultra photoreal, | 35mm| , Matte painting, movie concept art, hyper-detailed, insanely detailed, corona render, octane render, 8k, --ar 3:1 --no blur",
          "gallery": "lfovrtz4usfnt8vrjif"
        },
        "uploaded": "2023-03-26T04:09:09.495Z",
        "requireSignedURLs": false,
        "variants": [
          "https://imagedelivery.net/w9Lvwo1EAmYzHfbI5TkJ7g/d9efaa18-bcb8-4ea7-336b-e8c2e19a5e00/largethumb",
          "https://imagedelivery.net/w9Lvwo1EAmYzHfbI5TkJ7g/d9efaa18-bcb8-4ea7-336b-e8c2e19a5e00/porthumb",
          "https://imagedelivery.net/w9Lvwo1EAmYzHfbI5TkJ7g/d9efaa18-bcb8-4ea7-336b-e8c2e19a5e00/tinythumb",
          "https://imagedelivery.net/w9Lvwo1EAmYzHfbI5TkJ7g/d9efaa18-bcb8-4ea7-336b-e8c2e19a5e00/wide",
          "https://imagedelivery.net/w9Lvwo1EAmYzHfbI5TkJ7g/d9efaa18-bcb8-4ea7-336b-e8c2e19a5e00/portrait",
          "https://imagedelivery.net/w9Lvwo1EAmYzHfbI5TkJ7g/d9efaa18-bcb8-4ea7-336b-e8c2e19a5e00/landscape",
          "https://imagedelivery.net/w9Lvwo1EAmYzHfbI5TkJ7g/d9efaa18-bcb8-4ea7-336b-e8c2e19a5e00/widethumbnail",
          "https://imagedelivery.net/w9Lvwo1EAmYzHfbI5TkJ7g/d9efaa18-bcb8-4ea7-336b-e8c2e19a5e00/thumb",
          "https://imagedelivery.net/w9Lvwo1EAmYzHfbI5TkJ7g/d9efaa18-bcb8-4ea7-336b-e8c2e19a5e00/medium",
          "https://imagedelivery.net/w9Lvwo1EAmYzHfbI5TkJ7g/d9efaa18-bcb8-4ea7-336b-e8c2e19a5e00/widethumb",
          "https://imagedelivery.net/w9Lvwo1EAmYzHfbI5TkJ7g/d9efaa18-bcb8-4ea7-336b-e8c2e19a5e00/large",
          "https://imagedelivery.net/w9Lvwo1EAmYzHfbI5TkJ7g/d9efaa18-bcb8-4ea7-336b-e8c2e19a5e00/landthumb"
        ]
      },
      {
        "id": "90866b09-d696-43bf-ed0e-24a4e7981b00",
        "filename": "img-9XA5TKnFyvg9PIq7uWmW0SEF.png",
        "meta": {
          "model": "dalle",
          "extent": "1024x1024",
          "prompt": "2 medieval warriors ::0.4 travelling on a cliff to a background castle , view of a coast line landscape , English coastline, Irish coastline, scottish coastline, perspective, folklore, King Arthur, Lord of the Rings, Game of Thrones. Photographic, Photography, photorealistic, concept art, Artstation trending , cinematic lighting, cinematic composition, rule of thirds , ultra-detailed, dusk sky , low contrast, natural lighting, fog, realistic, light fogged, detailed, atmosphere hyperrealistic , volumetric light, ultra photoreal, | 35mm| , Matte painting, movie concept art, hyper-detailed, insanely detailed, corona render, octane render, 8k, --ar 3:1 --no blur",
          "gallery": "lfovrtz4usfnt8vrjif"
        },
        "uploaded": "2023-03-26T04:09:08.036Z",
        "requireSignedURLs": false,
        "variants": [
          "https://imagedelivery.net/w9Lvwo1EAmYzHfbI5TkJ7g/90866b09-d696-43bf-ed0e-24a4e7981b00/largethumb",
          "https://imagedelivery.net/w9Lvwo1EAmYzHfbI5TkJ7g/90866b09-d696-43bf-ed0e-24a4e7981b00/porthumb",
          "https://imagedelivery.net/w9Lvwo1EAmYzHfbI5TkJ7g/90866b09-d696-43bf-ed0e-24a4e7981b00/tinythumb",
          "https://imagedelivery.net/w9Lvwo1EAmYzHfbI5TkJ7g/90866b09-d696-43bf-ed0e-24a4e7981b00/wide",
          "https://imagedelivery.net/w9Lvwo1EAmYzHfbI5TkJ7g/90866b09-d696-43bf-ed0e-24a4e7981b00/portrait",
          "https://imagedelivery.net/w9Lvwo1EAmYzHfbI5TkJ7g/90866b09-d696-43bf-ed0e-24a4e7981b00/landscape",
          "https://imagedelivery.net/w9Lvwo1EAmYzHfbI5TkJ7g/90866b09-d696-43bf-ed0e-24a4e7981b00/widethumbnail",
          "https://imagedelivery.net/w9Lvwo1EAmYzHfbI5TkJ7g/90866b09-d696-43bf-ed0e-24a4e7981b00/thumb",
          "https://imagedelivery.net/w9Lvwo1EAmYzHfbI5TkJ7g/90866b09-d696-43bf-ed0e-24a4e7981b00/medium",
          "https://imagedelivery.net/w9Lvwo1EAmYzHfbI5TkJ7g/90866b09-d696-43bf-ed0e-24a4e7981b00/widethumb",
          "https://imagedelivery.net/w9Lvwo1EAmYzHfbI5TkJ7g/90866b09-d696-43bf-ed0e-24a4e7981b00/large",
          "https://imagedelivery.net/w9Lvwo1EAmYzHfbI5TkJ7g/90866b09-d696-43bf-ed0e-24a4e7981b00/landthumb"
        ]
      },
      {
        "id": "399adc2a-8b7a-41e8-4372-507999a3b400",
        "filename": "img-ukxeEdn2UwNlKuyFuj4ZFHaK.png",
        "meta": {
          "model": "dalle",
          "extent": "1024x1024",
          "prompt": "2 medieval warriors ::0.4 travelling on a cliff to a background castle , view of a coast line landscape , English coastline, Irish coastline, scottish coastline, perspective, folklore, King Arthur, Lord of the Rings, Game of Thrones. Photographic, Photography, photorealistic, concept art, Artstation trending , cinematic lighting, cinematic composition, rule of thirds , ultra-detailed, dusk sky , low contrast, natural lighting, fog, realistic, light fogged, detailed, atmosphere hyperrealistic , volumetric light, ultra photoreal, | 35mm| , Matte painting, movie concept art, hyper-detailed, insanely detailed, corona render, octane render, 8k, --ar 3:1 --no blur",
          "gallery": "lfovrtz4usfnt8vrjif"
        },
        "uploaded": "2023-03-26T04:09:06.385Z",
        "requireSignedURLs": false,
        "variants": [
          "https://imagedelivery.net/w9Lvwo1EAmYzHfbI5TkJ7g/399adc2a-8b7a-41e8-4372-507999a3b400/largethumb",
          "https://imagedelivery.net/w9Lvwo1EAmYzHfbI5TkJ7g/399adc2a-8b7a-41e8-4372-507999a3b400/porthumb",
          "https://imagedelivery.net/w9Lvwo1EAmYzHfbI5TkJ7g/399adc2a-8b7a-41e8-4372-507999a3b400/tinythumb",
          "https://imagedelivery.net/w9Lvwo1EAmYzHfbI5TkJ7g/399adc2a-8b7a-41e8-4372-507999a3b400/wide",
          "https://imagedelivery.net/w9Lvwo1EAmYzHfbI5TkJ7g/399adc2a-8b7a-41e8-4372-507999a3b400/portrait",
          "https://imagedelivery.net/w9Lvwo1EAmYzHfbI5TkJ7g/399adc2a-8b7a-41e8-4372-507999a3b400/landscape",
          "https://imagedelivery.net/w9Lvwo1EAmYzHfbI5TkJ7g/399adc2a-8b7a-41e8-4372-507999a3b400/widethumbnail",
          "https://imagedelivery.net/w9Lvwo1EAmYzHfbI5TkJ7g/399adc2a-8b7a-41e8-4372-507999a3b400/thumb",
          "https://imagedelivery.net/w9Lvwo1EAmYzHfbI5TkJ7g/399adc2a-8b7a-41e8-4372-507999a3b400/medium",
          "https://imagedelivery.net/w9Lvwo1EAmYzHfbI5TkJ7g/399adc2a-8b7a-41e8-4372-507999a3b400/widethumb",
          "https://imagedelivery.net/w9Lvwo1EAmYzHfbI5TkJ7g/399adc2a-8b7a-41e8-4372-507999a3b400/large",
          "https://imagedelivery.net/w9Lvwo1EAmYzHfbI5TkJ7g/399adc2a-8b7a-41e8-4372-507999a3b400/landthumb"
        ]
      },
      {
        "id": "e9fb2708-5bac-4656-b58b-3d9934734800",
        "filename": "img-5ZRkZn1R57GMYJhAFGnOsJ6W.png",
        "meta": {
          "model": "dalle",
          "extent": "1024x1024",
          "prompt": "2 medieval warriors ::0.4 travelling on a cliff to a background castle , view of a coast line landscape , English coastline, Irish coastline, scottish coastline, perspective, folklore, King Arthur, Lord of the Rings, Game of Thrones. Photographic, Photography, photorealistic, concept art, Artstation trending , cinematic lighting, cinematic composition, rule of thirds , ultra-detailed, dusk sky , low contrast, natural lighting, fog, realistic, light fogged, detailed, atmosphere hyperrealistic , volumetric light, ultra photoreal, | 35mm| , Matte painting, movie concept art, hyper-detailed, insanely detailed, corona render, octane render, 8k, --ar 3:1 --no blur",
          "gallery": "lfovrtz4usfnt8vrjif"
        },
        "uploaded": "2023-03-26T04:09:05.070Z",
        "requireSignedURLs": false,
        "variants": [
          "https://imagedelivery.net/w9Lvwo1EAmYzHfbI5TkJ7g/e9fb2708-5bac-4656-b58b-3d9934734800/largethumb",
          "https://imagedelivery.net/w9Lvwo1EAmYzHfbI5TkJ7g/e9fb2708-5bac-4656-b58b-3d9934734800/porthumb",
          "https://imagedelivery.net/w9Lvwo1EAmYzHfbI5TkJ7g/e9fb2708-5bac-4656-b58b-3d9934734800/tinythumb",
          "https://imagedelivery.net/w9Lvwo1EAmYzHfbI5TkJ7g/e9fb2708-5bac-4656-b58b-3d9934734800/wide",
          "https://imagedelivery.net/w9Lvwo1EAmYzHfbI5TkJ7g/e9fb2708-5bac-4656-b58b-3d9934734800/portrait",
          "https://imagedelivery.net/w9Lvwo1EAmYzHfbI5TkJ7g/e9fb2708-5bac-4656-b58b-3d9934734800/landscape",
          "https://imagedelivery.net/w9Lvwo1EAmYzHfbI5TkJ7g/e9fb2708-5bac-4656-b58b-3d9934734800/widethumbnail",
          "https://imagedelivery.net/w9Lvwo1EAmYzHfbI5TkJ7g/e9fb2708-5bac-4656-b58b-3d9934734800/thumb",
          "https://imagedelivery.net/w9Lvwo1EAmYzHfbI5TkJ7g/e9fb2708-5bac-4656-b58b-3d9934734800/medium",
          "https://imagedelivery.net/w9Lvwo1EAmYzHfbI5TkJ7g/e9fb2708-5bac-4656-b58b-3d9934734800/widethumb",
          "https://imagedelivery.net/w9Lvwo1EAmYzHfbI5TkJ7g/e9fb2708-5bac-4656-b58b-3d9934734800/large",
          "https://imagedelivery.net/w9Lvwo1EAmYzHfbI5TkJ7g/e9fb2708-5bac-4656-b58b-3d9934734800/landthumb"
        ]
      },
      {
        "id": "25b333af-dc87-4a82-b54a-71ef603e0100",
        "filename": "img-tsAw8wp4BpBcUKwN5S64C8pP.png",
        "meta": {
          "model": "dalle",
          "extent": "1024x1024",
          "prompt": "2 medieval warriors ::0.4 travelling on a cliff to a background castle , view of a coast line landscape , English coastline, Irish coastline, scottish coastline, perspective, folklore, King Arthur, Lord of the Rings, Game of Thrones. Photographic, Photography, photorealistic, concept art, Artstation trending , cinematic lighting, cinematic composition, rule of thirds , ultra-detailed, dusk sky , low contrast, natural lighting, fog, realistic, light fogged, detailed, atmosphere hyperrealistic , volumetric light, ultra photoreal, | 35mm| , Matte painting, movie concept art, hyper-detailed, insanely detailed, corona render, octane render, 8k, --ar 3:1 --no blur",
          "gallery": "lfovrtz4usfnt8vrjif"
        },
        "uploaded": "2023-03-26T04:09:03.331Z",
        "requireSignedURLs": false,
        "variants": [
          "https://imagedelivery.net/w9Lvwo1EAmYzHfbI5TkJ7g/25b333af-dc87-4a82-b54a-71ef603e0100/largethumb",
          "https://imagedelivery.net/w9Lvwo1EAmYzHfbI5TkJ7g/25b333af-dc87-4a82-b54a-71ef603e0100/porthumb",
          "https://imagedelivery.net/w9Lvwo1EAmYzHfbI5TkJ7g/25b333af-dc87-4a82-b54a-71ef603e0100/tinythumb",
          "https://imagedelivery.net/w9Lvwo1EAmYzHfbI5TkJ7g/25b333af-dc87-4a82-b54a-71ef603e0100/wide",
          "https://imagedelivery.net/w9Lvwo1EAmYzHfbI5TkJ7g/25b333af-dc87-4a82-b54a-71ef603e0100/portrait",
          "https://imagedelivery.net/w9Lvwo1EAmYzHfbI5TkJ7g/25b333af-dc87-4a82-b54a-71ef603e0100/landscape",
          "https://imagedelivery.net/w9Lvwo1EAmYzHfbI5TkJ7g/25b333af-dc87-4a82-b54a-71ef603e0100/widethumbnail",
          "https://imagedelivery.net/w9Lvwo1EAmYzHfbI5TkJ7g/25b333af-dc87-4a82-b54a-71ef603e0100/thumb",
          "https://imagedelivery.net/w9Lvwo1EAmYzHfbI5TkJ7g/25b333af-dc87-4a82-b54a-71ef603e0100/medium",
          "https://imagedelivery.net/w9Lvwo1EAmYzHfbI5TkJ7g/25b333af-dc87-4a82-b54a-71ef603e0100/widethumb",
          "https://imagedelivery.net/w9Lvwo1EAmYzHfbI5TkJ7g/25b333af-dc87-4a82-b54a-71ef603e0100/large",
          "https://imagedelivery.net/w9Lvwo1EAmYzHfbI5TkJ7g/25b333af-dc87-4a82-b54a-71ef603e0100/landthumb"
        ]
      },
      {
        "id": "61336d14-a73c-49cc-b740-8631f548c900",
        "filename": "img-QUp57ahzwmXCcpXD7PLVebsg.png",
        "meta": {
          "model": "dalle",
          "extent": "1024x1024",
          "prompt": "2 medieval warriors ::0.4 travelling on a cliff to a background castle , view of a coast line landscape , English coastline, Irish coastline, scottish coastline, perspective, folklore, King Arthur, Lord of the Rings, Game of Thrones. Photographic, Photography, photorealistic, concept art, Artstation trending , cinematic lighting, cinematic composition, rule of thirds , ultra-detailed, dusk sky , low contrast, natural lighting, fog, realistic, light fogged, detailed, atmosphere hyperrealistic , volumetric light, ultra photoreal, | 35mm| , Matte painting, movie concept art, hyper-detailed, insanely detailed, corona render, octane render, 8k, --ar 3:1 --no blur",
          "gallery": "lfovrtz4usfnt8vrjif"
        },
        "uploaded": "2023-03-26T04:09:01.807Z",
        "requireSignedURLs": false,
        "variants": [
          "https://imagedelivery.net/w9Lvwo1EAmYzHfbI5TkJ7g/61336d14-a73c-49cc-b740-8631f548c900/largethumb",
          "https://imagedelivery.net/w9Lvwo1EAmYzHfbI5TkJ7g/61336d14-a73c-49cc-b740-8631f548c900/porthumb",
          "https://imagedelivery.net/w9Lvwo1EAmYzHfbI5TkJ7g/61336d14-a73c-49cc-b740-8631f548c900/tinythumb",
          "https://imagedelivery.net/w9Lvwo1EAmYzHfbI5TkJ7g/61336d14-a73c-49cc-b740-8631f548c900/wide",
          "https://imagedelivery.net/w9Lvwo1EAmYzHfbI5TkJ7g/61336d14-a73c-49cc-b740-8631f548c900/portrait",
          "https://imagedelivery.net/w9Lvwo1EAmYzHfbI5TkJ7g/61336d14-a73c-49cc-b740-8631f548c900/landscape",
          "https://imagedelivery.net/w9Lvwo1EAmYzHfbI5TkJ7g/61336d14-a73c-49cc-b740-8631f548c900/widethumbnail",
          "https://imagedelivery.net/w9Lvwo1EAmYzHfbI5TkJ7g/61336d14-a73c-49cc-b740-8631f548c900/thumb",
          "https://imagedelivery.net/w9Lvwo1EAmYzHfbI5TkJ7g/61336d14-a73c-49cc-b740-8631f548c900/medium",
          "https://imagedelivery.net/w9Lvwo1EAmYzHfbI5TkJ7g/61336d14-a73c-49cc-b740-8631f548c900/widethumb",
          "https://imagedelivery.net/w9Lvwo1EAmYzHfbI5TkJ7g/61336d14-a73c-49cc-b740-8631f548c900/large",
          "https://imagedelivery.net/w9Lvwo1EAmYzHfbI5TkJ7g/61336d14-a73c-49cc-b740-8631f548c900/landthumb"
        ]
      },
      {
        "id": "b1212457-caac-47b4-2698-b0c9c9096200",
        "filename": "img-h7STB0C1RQBnwxN3AlbqxQS8.png",
        "meta": {
          "model": "dalle",
          "extent": "1024x1024",
          "prompt": "2 medieval warriors ::0.4 travelling on a cliff to a background castle , view of a coast line landscape , English coastline, Irish coastline, scottish coastline, perspective, folklore, King Arthur, Lord of the Rings, Game of Thrones. Photographic, Photography, photorealistic, concept art, Artstation trending , cinematic lighting, cinematic composition, rule of thirds , ultra-detailed, dusk sky , low contrast, natural lighting, fog, realistic, light fogged, detailed, atmosphere hyperrealistic , volumetric light, ultra photoreal, | 35mm| , Matte painting, movie concept art, hyper-detailed, insanely detailed, corona render, octane render, 8k, --ar 3:1 --no blur",
          "gallery": "lfovrtz4usfnt8vrjif"
        },
        "uploaded": "2023-03-26T04:09:00.485Z",
        "requireSignedURLs": false,
        "variants": [
          "https://imagedelivery.net/w9Lvwo1EAmYzHfbI5TkJ7g/b1212457-caac-47b4-2698-b0c9c9096200/largethumb",
          "https://imagedelivery.net/w9Lvwo1EAmYzHfbI5TkJ7g/b1212457-caac-47b4-2698-b0c9c9096200/porthumb",
          "https://imagedelivery.net/w9Lvwo1EAmYzHfbI5TkJ7g/b1212457-caac-47b4-2698-b0c9c9096200/tinythumb",
          "https://imagedelivery.net/w9Lvwo1EAmYzHfbI5TkJ7g/b1212457-caac-47b4-2698-b0c9c9096200/wide",
          "https://imagedelivery.net/w9Lvwo1EAmYzHfbI5TkJ7g/b1212457-caac-47b4-2698-b0c9c9096200/portrait",
          "https://imagedelivery.net/w9Lvwo1EAmYzHfbI5TkJ7g/b1212457-caac-47b4-2698-b0c9c9096200/landscape",
          "https://imagedelivery.net/w9Lvwo1EAmYzHfbI5TkJ7g/b1212457-caac-47b4-2698-b0c9c9096200/widethumbnail",
          "https://imagedelivery.net/w9Lvwo1EAmYzHfbI5TkJ7g/b1212457-caac-47b4-2698-b0c9c9096200/thumb",
          "https://imagedelivery.net/w9Lvwo1EAmYzHfbI5TkJ7g/b1212457-caac-47b4-2698-b0c9c9096200/medium",
          "https://imagedelivery.net/w9Lvwo1EAmYzHfbI5TkJ7g/b1212457-caac-47b4-2698-b0c9c9096200/widethumb",
          "https://imagedelivery.net/w9Lvwo1EAmYzHfbI5TkJ7g/b1212457-caac-47b4-2698-b0c9c9096200/large",
          "https://imagedelivery.net/w9Lvwo1EAmYzHfbI5TkJ7g/b1212457-caac-47b4-2698-b0c9c9096200/landthumb"
        ]
      },
      {
        "id": "17770ff8-7a11-4170-2670-3c95882b5c00",
        "filename": "img-K1DAWfWnbzQJdnqljtF2T6s2.png",
        "meta": {
          "model": "dalle",
          "extent": "1024x1024",
          "prompt": "2 medieval warriors ::0.4 travelling on a cliff to a background castle , view of a coast line landscape , English coastline, Irish coastline, scottish coastline, perspective, folklore, King Arthur, Lord of the Rings, Game of Thrones. Photographic, Photography, photorealistic, concept art, Artstation trending , cinematic lighting, cinematic composition, rule of thirds , ultra-detailed, dusk sky , low contrast, natural lighting, fog, realistic, light fogged, detailed, atmosphere hyperrealistic , volumetric light, ultra photoreal, | 35mm| , Matte painting, movie concept art, hyper-detailed, insanely detailed, corona render, octane render, 8k, --ar 3:1 --no blur",
          "gallery": "lfovrtz4usfnt8vrjif"
        },
        "uploaded": "2023-03-26T04:08:59.004Z",
        "requireSignedURLs": false,
        "variants": [
          "https://imagedelivery.net/w9Lvwo1EAmYzHfbI5TkJ7g/17770ff8-7a11-4170-2670-3c95882b5c00/largethumb",
          "https://imagedelivery.net/w9Lvwo1EAmYzHfbI5TkJ7g/17770ff8-7a11-4170-2670-3c95882b5c00/porthumb",
          "https://imagedelivery.net/w9Lvwo1EAmYzHfbI5TkJ7g/17770ff8-7a11-4170-2670-3c95882b5c00/tinythumb",
          "https://imagedelivery.net/w9Lvwo1EAmYzHfbI5TkJ7g/17770ff8-7a11-4170-2670-3c95882b5c00/wide",
          "https://imagedelivery.net/w9Lvwo1EAmYzHfbI5TkJ7g/17770ff8-7a11-4170-2670-3c95882b5c00/portrait",
          "https://imagedelivery.net/w9Lvwo1EAmYzHfbI5TkJ7g/17770ff8-7a11-4170-2670-3c95882b5c00/landscape",
          "https://imagedelivery.net/w9Lvwo1EAmYzHfbI5TkJ7g/17770ff8-7a11-4170-2670-3c95882b5c00/widethumbnail",
          "https://imagedelivery.net/w9Lvwo1EAmYzHfbI5TkJ7g/17770ff8-7a11-4170-2670-3c95882b5c00/thumb",
          "https://imagedelivery.net/w9Lvwo1EAmYzHfbI5TkJ7g/17770ff8-7a11-4170-2670-3c95882b5c00/medium",
          "https://imagedelivery.net/w9Lvwo1EAmYzHfbI5TkJ7g/17770ff8-7a11-4170-2670-3c95882b5c00/widethumb",
          "https://imagedelivery.net/w9Lvwo1EAmYzHfbI5TkJ7g/17770ff8-7a11-4170-2670-3c95882b5c00/large",
          "https://imagedelivery.net/w9Lvwo1EAmYzHfbI5TkJ7g/17770ff8-7a11-4170-2670-3c95882b5c00/landthumb"
        ]
      },
      {
        "id": "529b645b-9249-4343-2f57-2a4f809f4300",
        "filename": "img-vjfkmssT35NFVHnyY6QkLgB0.png",
        "meta": {
          "model": "dalle",
          "extent": "1024x1024",
          "prompt": "2 medieval warriors ::0.4 travelling on a cliff to a background castle , view of a coast line landscape , English coastline, Irish coastline, scottish coastline, perspective, folklore, King Arthur, Lord of the Rings, Game of Thrones. Photographic, Photography, photorealistic, concept art, Artstation trending , cinematic lighting, cinematic composition, rule of thirds , ultra-detailed, dusk sky , low contrast, natural lighting, fog, realistic, light fogged, detailed, atmosphere hyperrealistic , volumetric light, ultra photoreal, | 35mm| , Matte painting, movie concept art, hyper-detailed, insanely detailed, corona render, octane render, 8k, --ar 3:1 --no blur",
          "gallery": "lfovrtz4usfnt8vrjif"
        },
        "uploaded": "2023-03-26T04:08:57.544Z",
        "requireSignedURLs": false,
        "variants": [
          "https://imagedelivery.net/w9Lvwo1EAmYzHfbI5TkJ7g/529b645b-9249-4343-2f57-2a4f809f4300/largethumb",
          "https://imagedelivery.net/w9Lvwo1EAmYzHfbI5TkJ7g/529b645b-9249-4343-2f57-2a4f809f4300/porthumb",
          "https://imagedelivery.net/w9Lvwo1EAmYzHfbI5TkJ7g/529b645b-9249-4343-2f57-2a4f809f4300/tinythumb",
          "https://imagedelivery.net/w9Lvwo1EAmYzHfbI5TkJ7g/529b645b-9249-4343-2f57-2a4f809f4300/wide",
          "https://imagedelivery.net/w9Lvwo1EAmYzHfbI5TkJ7g/529b645b-9249-4343-2f57-2a4f809f4300/portrait",
          "https://imagedelivery.net/w9Lvwo1EAmYzHfbI5TkJ7g/529b645b-9249-4343-2f57-2a4f809f4300/landscape",
          "https://imagedelivery.net/w9Lvwo1EAmYzHfbI5TkJ7g/529b645b-9249-4343-2f57-2a4f809f4300/widethumbnail",
          "https://imagedelivery.net/w9Lvwo1EAmYzHfbI5TkJ7g/529b645b-9249-4343-2f57-2a4f809f4300/thumb",
          "https://imagedelivery.net/w9Lvwo1EAmYzHfbI5TkJ7g/529b645b-9249-4343-2f57-2a4f809f4300/medium",
          "https://imagedelivery.net/w9Lvwo1EAmYzHfbI5TkJ7g/529b645b-9249-4343-2f57-2a4f809f4300/widethumb",
          "https://imagedelivery.net/w9Lvwo1EAmYzHfbI5TkJ7g/529b645b-9249-4343-2f57-2a4f809f4300/large",
          "https://imagedelivery.net/w9Lvwo1EAmYzHfbI5TkJ7g/529b645b-9249-4343-2f57-2a4f809f4300/landthumb"
        ]
      }
    ]
  },
  "success": true,
  "errors": [],
  "messages": []
}
50
